#
# There is insufficient memory for the Java Runtime Environment to continue.
# Native memory allocation (malloc) failed to allocate 971456 bytes for Chunk::new
# Possible reasons:
#   The system is out of physical RAM or swap space
#   The process is running with CompressedOops enabled, and the Java Heap may be blocking the growth of the native heap
# Possible solutions:
#   Reduce memory load on the system
#   Increase physical memory or swap space
#   Check if swap backing store is full
#   Decrease Java heap size (-Xmx/-Xms)
#   Decrease number of Java threads
#   Decrease Java thread stack sizes (-Xss)
#   Set larger code cache with -XX:ReservedCodeCacheSize=
#   JVM is running with Unscaled Compressed Oops mode in which the Java heap is
#     placed in the first 4GB address space. The Java Heap base address is the
#     maximum limit for the native heap growth. Please use -XX:HeapBaseMinAddress
#     to set the Java Heap base and to place the Java Heap above 4GB virtual address.
# This output file may be truncated or incomplete.
#
#  Out of Memory Error (./src/hotspot/share/memory/arena.cpp:197), pid=1224, tid=7040
#
# JRE version: OpenJDK Runtime Environment (11.0.10) (build 11.0.10+0-b96-7249189)
# Java VM: OpenJDK 64-Bit Server VM (11.0.10+0-b96-7249189, mixed mode, tiered, compressed oops, g1 gc, windows-amd64)
# No core dump will be written. Minidumps are not enabled by default on client versions of Windows
#

---------------  S U M M A R Y ------------

Command Line: --add-opens=java.base/java.util=ALL-UNNAMED --add-opens=java.base/java.lang=ALL-UNNAMED --add-opens=java.base/java.lang.invoke=ALL-UNNAMED --add-opens=java.base/java.util=ALL-UNNAMED --add-opens=java.prefs/java.util.prefs=ALL-UNNAMED --add-opens=java.prefs/java.util.prefs=ALL-UNNAMED --add-opens=java.base/java.nio.charset=ALL-UNNAMED --add-opens=java.base/java.net=ALL-UNNAMED --add-opens=java.base/java.util.concurrent.atomic=ALL-UNNAMED -Xmx2048m -Dfile.encoding=UTF-8 -Duser.country=RU -Duser.language=ru -Duser.variant org.gradle.launcher.daemon.bootstrap.GradleDaemon 7.0.2

Host: Intel(R) Core(TM) i3-4330 CPU @ 3.50GHz, 4 cores, 7G,  Windows 10 , 64 bit Build 17763 (10.0.17763.1339)
Time: Wed Jan  5 16:26:56 2022 Aaiaeaaao (ceia) elapsed time: 1532.650755 seconds (0d 0h 25m 32s)

---------------  T H R E A D  ---------------

Current thread (0x0000023969897000):  JavaThread "C2 CompilerThread1" daemon [_thread_in_native, id=7040, stack(0x000000b30f100000,0x000000b30f200000)]


Current CompileTask:
C2:1532650 22865       4       org.apache.xerces.impl.XMLNSDocumentScannerImpl::scanStartElement (873 bytes)

Stack: [0x000000b30f100000,0x000000b30f200000]
Native frames: (J=compiled Java code, j=interpreted, Vv=VM code, C=native code)
V  [jvm.dll+0x5ecfaa]
V  [jvm.dll+0x722bd5]
V  [jvm.dll+0x72412d]
V  [jvm.dll+0x7247e3]
V  [jvm.dll+0x242928]
V  [jvm.dll+0xbc4fc]
V  [jvm.dll+0xbca0c]
V  [jvm.dll+0x2b4fd4]
V  [jvm.dll+0x506028]
V  [jvm.dll+0x203253]
V  [jvm.dll+0x1fd07c]
V  [jvm.dll+0x1fa77f]
V  [jvm.dll+0x18354c]
V  [jvm.dll+0x208ee7]
V  [jvm.dll+0x207731]
V  [jvm.dll+0x6eb1cf]
V  [jvm.dll+0x6e3d45]
V  [jvm.dll+0x5ebe96]
C  [ucrtbase.dll+0x21ffa]
C  [KERNEL32.DLL+0x17974]
C  [ntdll.dll+0x6a271]


---------------  P R O C E S S  ---------------

Threads class SMR info:
_java_thread_list=0x0000023977c3d850, length=55, elements={
0x000002394de7e000, 0x0000023967a4f800, 0x0000023967a52800, 0x00000239683db000,
0x00000239683dd000, 0x00000239683de000, 0x00000239683e3000, 0x0000023967a6a800,
0x0000023968437000, 0x000002396854c000, 0x0000023969e3b000, 0x0000023969944800,
0x000002396a8c8000, 0x000002396ac1a800, 0x000002396ac17000, 0x000002396ac15800,
0x000002396ac18000, 0x000002396ac18800, 0x000002396ac1b000, 0x000002396ac1c000,
0x0000023968dde000, 0x0000023968ddc000, 0x0000023968de1000, 0x0000023968de2000,
0x0000023968de4800, 0x0000023968de5000, 0x0000023968ddd000, 0x0000023969892000,
0x0000023968ddf800, 0x0000023968dda800, 0x000002396988b800, 0x000002396988f000,
0x000002396988d800, 0x000002396988b000, 0x0000023969890000, 0x000002396988e000,
0x000002396988a000, 0x0000023969890800, 0x0000023969891800, 0x000002396988c800,
0x0000023969893000, 0x0000023969894800, 0x0000023969894000, 0x0000023969897000,
0x0000023969898000, 0x0000023969895800, 0x0000023969896800, 0x0000023968dde800,
0x0000023968dda000, 0x0000023968de6000, 0x0000023968de3800, 0x0000023968de7000,
0x0000023968de2800, 0x0000023968de7800, 0x000002396ac19800
}

Java Threads: ( => current thread )
  0x000002394de7e000 JavaThread "main" [_thread_blocked, id=2712, stack(0x000000b30c700000,0x000000b30c800000)]
  0x0000023967a4f800 JavaThread "Reference Handler" daemon [_thread_blocked, id=5560, stack(0x000000b30ce00000,0x000000b30cf00000)]
  0x0000023967a52800 JavaThread "Finalizer" daemon [_thread_blocked, id=884, stack(0x000000b30cf00000,0x000000b30d000000)]
  0x00000239683db000 JavaThread "Signal Dispatcher" daemon [_thread_blocked, id=4784, stack(0x000000b30d000000,0x000000b30d100000)]
  0x00000239683dd000 JavaThread "Attach Listener" daemon [_thread_blocked, id=6844, stack(0x000000b30d100000,0x000000b30d200000)]
  0x00000239683de000 JavaThread "Service Thread" daemon [_thread_blocked, id=3060, stack(0x000000b30d200000,0x000000b30d300000)]
  0x00000239683e3000 JavaThread "C2 CompilerThread0" daemon [_thread_in_native, id=4228, stack(0x000000b30d300000,0x000000b30d400000)]
  0x0000023967a6a800 JavaThread "C1 CompilerThread0" daemon [_thread_blocked, id=6596, stack(0x000000b30d400000,0x000000b30d500000)]
  0x0000023968437000 JavaThread "Sweeper thread" daemon [_thread_blocked, id=6632, stack(0x000000b30d500000,0x000000b30d600000)]
  0x000002396854c000 JavaThread "Common-Cleaner" daemon [_thread_blocked, id=6964, stack(0x000000b30d600000,0x000000b30d700000)]
  0x0000023969e3b000 JavaThread "Daemon health stats" [_thread_blocked, id=4468, stack(0x000000b30d800000,0x000000b30d900000)]
  0x0000023969944800 JavaThread "Incoming local TCP Connector on port 50661" [_thread_in_native, id=6348, stack(0x000000b30db00000,0x000000b30dc00000)]
  0x000002396a8c8000 JavaThread "Daemon periodic checks" [_thread_blocked, id=1396, stack(0x000000b30dc00000,0x000000b30dd00000)]
  0x000002396ac1a800 JavaThread "Cache worker for file hash cache (C:\Users\world-PC\.gradle\caches\7.0.2\fileHashes)" [_thread_blocked, id=4160, stack(0x000000b30e500000,0x000000b30e600000)]
  0x000002396ac17000 JavaThread "File lock request listener" [_thread_in_native, id=2420, stack(0x000000b30e600000,0x000000b30e700000)]
  0x000002396ac15800 JavaThread "Cache worker for journal cache (C:\Users\world-PC\.gradle\caches\journal-1)" [_thread_blocked, id=6920, stack(0x000000b30e700000,0x000000b30e800000)]
  0x000002396ac18000 JavaThread "File watcher server" daemon [_thread_in_native, id=2360, stack(0x000000b30ea00000,0x000000b30eb00000)]
  0x000002396ac18800 JavaThread "File watcher consumer" daemon [_thread_blocked, id=3568, stack(0x000000b30eb00000,0x000000b30ec00000)]
  0x000002396ac1b000 JavaThread "jar transforms" [_thread_blocked, id=196, stack(0x000000b30ec00000,0x000000b30ed00000)]
  0x000002396ac1c000 JavaThread "jar transforms Thread 2" [_thread_blocked, id=4968, stack(0x000000b30ed00000,0x000000b30ee00000)]
  0x0000023968dde000 JavaThread "jar transforms Thread 3" [_thread_blocked, id=3752, stack(0x000000b30ee00000,0x000000b30ef00000)]
  0x0000023968ddc000 JavaThread "jar transforms Thread 4" [_thread_blocked, id=6816, stack(0x000000b30ef00000,0x000000b30f000000)]
  0x0000023968de1000 JavaThread "Cache worker for execution history cache (C:\Users\world-PC\.gradle\caches\7.0.2\executionHistory)" [_thread_blocked, id=4056, stack(0x000000b30f300000,0x000000b30f400000)]
  0x0000023968de2000 JavaThread "Cache worker for file content cache (C:\Users\world-PC\.gradle\caches\7.0.2\fileContent)" [_thread_blocked, id=2208, stack(0x000000b30f400000,0x000000b30f500000)]
  0x0000023968de4800 JavaThread "Memory manager" [_thread_blocked, id=768, stack(0x000000b30fb00000,0x000000b30fc00000)]
  0x0000023968de5000 JavaThread "pool-3-thread-1" [_thread_blocked, id=6852, stack(0x000000b30fc00000,0x000000b30fd00000)]
  0x0000023968ddd000 JavaThread "pool-6-thread-1" [_thread_blocked, id=6768, stack(0x000000b30f900000,0x000000b30fa00000)]
  0x0000023969892000 JavaThread "pool-9-thread-1" [_thread_blocked, id=6900, stack(0x000000b30f800000,0x000000b30f900000)]
  0x0000023968ddf800 JavaThread "pool-12-thread-1" [_thread_blocked, id=6932, stack(0x000000b30fa00000,0x000000b30fb00000)]
  0x0000023968dda800 JavaThread "pool-15-thread-1" [_thread_blocked, id=3264, stack(0x000000b30fd00000,0x000000b30fe00000)]
  0x000002396988b800 JavaThread "Daemon Thread 5" [_thread_blocked, id=6552, stack(0x000000b30c400000,0x000000b30c500000)]
  0x000002396988f000 JavaThread "Handler for socket connection from /127.0.0.1:50661 to /127.0.0.1:50782" [_thread_in_native, id=6872, stack(0x000000b30c500000,0x000000b30c600000)]
  0x000002396988d800 JavaThread "Cancel handler" [_thread_blocked, id=6968, stack(0x000000b30c600000,0x000000b30c700000)]
  0x000002396988b000 JavaThread "Daemon worker Thread 5" [_thread_in_vm_trans, id=1936, stack(0x000000b30dd00000,0x000000b30de00000)]
  0x0000023969890000 JavaThread "Asynchronous log dispatcher for DefaultDaemonConnection: socket connection from /127.0.0.1:50661 to /127.0.0.1:50782" [_thread_blocked, id=3820, stack(0x000000b30de00000,0x000000b30df00000)]
  0x000002396988e000 JavaThread "Stdin handler" [_thread_blocked, id=6112, stack(0x000000b30df00000,0x000000b30e000000)]
  0x000002396988a000 JavaThread "Daemon client event forwarder" [_thread_blocked, id=1384, stack(0x000000b30e000000,0x000000b30e100000)]
  0x0000023969890800 JavaThread "Cache worker for file hash cache (C:\Users\world-PC\AndroidStudioProjects\Homework62\.gradle\7.0.2\fileHashes)" [_thread_blocked, id=7060, stack(0x000000b30e100000,0x000000b30e200000)]
  0x0000023969891800 JavaThread "Cache worker for checksums cache (C:\Users\world-PC\AndroidStudioProjects\Homework62\.gradle\checksums)" [_thread_blocked, id=2780, stack(0x000000b30e200000,0x000000b30e300000)]
  0x000002396988c800 JavaThread "Cache worker for cache directory md-supplier (C:\Users\world-PC\.gradle\caches\7.0.2\md-supplier)" [_thread_blocked, id=5420, stack(0x000000b30e300000,0x000000b30e400000)]
  0x0000023969893000 JavaThread "Cache worker for cache directory md-rule (C:\Users\world-PC\.gradle\caches\7.0.2\md-rule)" [_thread_blocked, id=4168, stack(0x000000b30e800000,0x000000b30e900000)]
  0x0000023969894800 JavaThread "Cache worker for dependencies-accessors (C:\Users\world-PC\AndroidStudioProjects\Homework62\.gradle\7.0.2\dependencies-accessors)" [_thread_blocked, id=6380, stack(0x000000b30e900000,0x000000b30ea00000)]
  0x0000023969894000 JavaThread "Cache worker for Build Output Cleanup Cache (C:\Users\world-PC\AndroidStudioProjects\Homework62\.gradle\buildOutputCleanup)" [_thread_blocked, id=6180, stack(0x000000b30f000000,0x000000b30f100000)]
=>0x0000023969897000 JavaThread "C2 CompilerThread1" daemon [_thread_in_native, id=7040, stack(0x000000b30f100000,0x000000b30f200000)]
  0x0000023969898000 JavaThread "Build operations" [_thread_blocked, id=4796, stack(0x000000b30f200000,0x000000b30f300000)]
  0x0000023969895800 JavaThread "Build operations Thread 2" [_thread_blocked, id=7136, stack(0x000000b30f500000,0x000000b30f600000)]
  0x0000023969896800 JavaThread "Build operations Thread 3" [_thread_blocked, id=228, stack(0x000000b30f600000,0x000000b30f700000)]
  0x0000023968dde800 JavaThread "Build operations Thread 4" [_thread_blocked, id=5668, stack(0x000000b30f700000,0x000000b30f800000)]
  0x0000023968dda000 JavaThread "build event listener" [_thread_blocked, id=5392, stack(0x000000b30fe00000,0x000000b30ff00000)]
  0x0000023968de6000 JavaThread "pool-18-thread-1" [_thread_blocked, id=1436, stack(0x000000b30ff00000,0x000000b310000000)]
  0x0000023968de3800 JavaThread "build event listener" [_thread_blocked, id=6016, stack(0x000000b310000000,0x000000b310100000)]
  0x0000023968de7000 JavaThread "Execution worker for ':'" [_thread_blocked, id=3632, stack(0x000000b310100000,0x000000b310200000)]
  0x0000023968de2800 JavaThread "Execution worker for ':' Thread 2" [_thread_blocked, id=6776, stack(0x000000b310200000,0x000000b310300000)]
  0x0000023968de7800 JavaThread "Execution worker for ':' Thread 3" [_thread_blocked, id=6656, stack(0x000000b310300000,0x000000b310400000)]
  0x000002396ac19800 JavaThread "Cache worker for execution history cache (C:\Users\world-PC\AndroidStudioProjects\Homework62\.gradle\7.0.2\executionHistory)" [_thread_blocked, id=5852, stack(0x000000b310400000,0x000000b310500000)]

Other Threads:
  0x0000023967a4b000 VMThread "VM Thread" [stack: 0x000000b30cd00000,0x000000b30ce00000] [id=2724]
  0x0000023968555800 WatcherThread [stack: 0x000000b30d700000,0x000000b30d800000] [id=6916]
  0x000002394de97800 GCTaskThread "GC Thread#0" [stack: 0x000000b30c800000,0x000000b30c900000] [id=4424]
  0x0000023968e16000 GCTaskThread "GC Thread#1" [stack: 0x000000b30d900000,0x000000b30da00000] [id=908]
  0x0000023968e17000 GCTaskThread "GC Thread#2" [stack: 0x000000b30da00000,0x000000b30db00000] [id=3164]
  0x0000023969dac800 GCTaskThread "GC Thread#3" [stack: 0x000000b30e400000,0x000000b30e500000] [id=6172]
  0x000002394dec8000 ConcurrentGCThread "G1 Main Marker" [stack: 0x000000b30c900000,0x000000b30ca00000] [id=2440]
  0x000002394deca000 ConcurrentGCThread "G1 Conc#0" [stack: 0x000000b30ca00000,0x000000b30cb00000] [id=4776]
  0x00000239678a0800 ConcurrentGCThread "G1 Refine#0" [stack: 0x000000b30cb00000,0x000000b30cc00000] [id=6904]
  0x000002396be9d800 ConcurrentGCThread "G1 Refine#1" [stack: 0x000000b310700000,0x000000b310800000] [id=4896]
  0x00000239678a1800 ConcurrentGCThread "G1 Young RemSet Sampling" [stack: 0x000000b30cc00000,0x000000b30cd00000] [id=5732]

Threads with active compile tasks:
C2 CompilerThread01532677 22849       4       org.gradle.api.internal.artifacts.transform.AbstractTransformedArtifactSet::visit (97 bytes)
C2 CompilerThread11532677 22865       4       org.apache.xerces.impl.XMLNSDocumentScannerImpl::scanStartElement (873 bytes)

VM state:not at safepoint (normal execution)

VM Mutex/Monitor currently owned by a thread: None

Heap address: 0x0000000080000000, size: 2048 MB, Compressed Oops mode: 32-bit
Narrow klass base: 0x0000000000000000, Narrow klass shift: 3
Compressed class space size: 1073741824 Address: 0x0000000100000000

Heap:
 garbage-first heap   total 354304K, used 214071K [0x0000000080000000, 0x0000000100000000)
  region size 1024K, 61 young (62464K), 2 survivors (2048K)
 Metaspace       used 137977K, capacity 142150K, committed 142296K, reserved 1173504K
  class space    used 17134K, capacity 18608K, committed 18648K, reserved 1048576K
Heap Regions: E=young(eden), S=young(survivor), O=old, HS=humongous(starts), HC=humongous(continues), CS=collection set, F=free, A=archive, TAMS=top-at-mark-start (previous, next)
|   0|0x0000000080000000, 0x0000000080100000, 0x0000000080100000|100%| O|  |TAMS 0x0000000080100000, 0x0000000080000000| Complete 
|   1|0x0000000080100000, 0x0000000080200000, 0x0000000080200000|100%| O|  |TAMS 0x0000000080200000, 0x0000000080100000| Complete 
|   2|0x0000000080200000, 0x0000000080300000, 0x0000000080300000|100%| O|  |TAMS 0x0000000080300000, 0x0000000080200000| Complete 
|   3|0x0000000080300000, 0x0000000080400000, 0x0000000080400000|100%|HS|  |TAMS 0x0000000080400000, 0x0000000080300000| Complete 
|   4|0x0000000080400000, 0x0000000080500000, 0x0000000080500000|100%|HC|  |TAMS 0x0000000080500000, 0x0000000080400000| Complete 
|   5|0x0000000080500000, 0x0000000080600000, 0x0000000080600000|100%|HC|  |TAMS 0x0000000080600000, 0x0000000080500000| Complete 
|   6|0x0000000080600000, 0x0000000080700000, 0x0000000080700000|100%| O|  |TAMS 0x0000000080700000, 0x0000000080600000| Untracked 
|   7|0x0000000080700000, 0x0000000080800000, 0x0000000080800000|100%| O|  |TAMS 0x0000000080800000, 0x0000000080700000| Untracked 
|   8|0x0000000080800000, 0x0000000080900000, 0x0000000080900000|100%| O|  |TAMS 0x0000000080900000, 0x0000000080800000| Untracked 
|   9|0x0000000080900000, 0x0000000080a00000, 0x0000000080a00000|100%| O|  |TAMS 0x0000000080a00000, 0x0000000080900000| Complete 
|  10|0x0000000080a00000, 0x0000000080b00000, 0x0000000080b00000|100%| O|  |TAMS 0x0000000080b00000, 0x0000000080a00000| Untracked 
|  11|0x0000000080b00000, 0x0000000080c00000, 0x0000000080c00000|100%| O|  |TAMS 0x0000000080c00000, 0x0000000080b00000| Untracked 
|  12|0x0000000080c00000, 0x0000000080d00000, 0x0000000080d00000|100%| O|  |TAMS 0x0000000080d00000, 0x0000000080c00000| Untracked 
|  13|0x0000000080d00000, 0x0000000080e00000, 0x0000000080e00000|100%| O|  |TAMS 0x0000000080e00000, 0x0000000080d00000| Untracked 
|  14|0x0000000080e00000, 0x0000000080f00000, 0x0000000080f00000|100%|HS|  |TAMS 0x0000000080f00000, 0x0000000080e00000| Complete 
|  15|0x0000000080f00000, 0x0000000081000000, 0x0000000081000000|100%|HC|  |TAMS 0x0000000081000000, 0x0000000080f00000| Complete 
|  16|0x0000000081000000, 0x0000000081100000, 0x0000000081100000|100%|HS|  |TAMS 0x0000000081100000, 0x0000000081000000| Complete 
|  17|0x0000000081100000, 0x0000000081200000, 0x0000000081200000|100%|HC|  |TAMS 0x0000000081200000, 0x0000000081100000| Complete 
|  18|0x0000000081200000, 0x0000000081300000, 0x0000000081300000|100%|HC|  |TAMS 0x0000000081300000, 0x0000000081200000| Complete 
|  19|0x0000000081300000, 0x0000000081400000, 0x0000000081400000|100%|HS|  |TAMS 0x0000000081400000, 0x0000000081300000| Complete 
|  20|0x0000000081400000, 0x0000000081500000, 0x0000000081500000|100%|HC|  |TAMS 0x0000000081500000, 0x0000000081400000| Complete 
|  21|0x0000000081500000, 0x0000000081600000, 0x0000000081600000|100%|HC|  |TAMS 0x0000000081600000, 0x0000000081500000| Complete 
|  22|0x0000000081600000, 0x0000000081700000, 0x0000000081700000|100%|HC|  |TAMS 0x0000000081700000, 0x0000000081600000| Complete 
|  23|0x0000000081700000, 0x0000000081800000, 0x0000000081800000|100%|HC|  |TAMS 0x0000000081800000, 0x0000000081700000| Complete 
|  24|0x0000000081800000, 0x0000000081900000, 0x0000000081900000|100%| O|  |TAMS 0x0000000081900000, 0x0000000081800000| Untracked 
|  25|0x0000000081900000, 0x0000000081a00000, 0x0000000081a00000|100%| O|  |TAMS 0x0000000081a00000, 0x0000000081900000| Untracked 
|  26|0x0000000081a00000, 0x0000000081b00000, 0x0000000081b00000|100%| O|  |TAMS 0x0000000081b00000, 0x0000000081a00000| Untracked 
|  27|0x0000000081b00000, 0x0000000081c00000, 0x0000000081c00000|100%| O|  |TAMS 0x0000000081c00000, 0x0000000081b00000| Untracked 
|  28|0x0000000081c00000, 0x0000000081d00000, 0x0000000081d00000|100%| O|  |TAMS 0x0000000081d00000, 0x0000000081c00000| Untracked 
|  29|0x0000000081d00000, 0x0000000081e00000, 0x0000000081e00000|100%| O|  |TAMS 0x0000000081e00000, 0x0000000081d00000| Untracked 
|  30|0x0000000081e00000, 0x0000000081f00000, 0x0000000081f00000|100%| O|  |TAMS 0x0000000081f00000, 0x0000000081e00000| Untracked 
|  31|0x0000000081f00000, 0x0000000082000000, 0x0000000082000000|100%| O|  |TAMS 0x0000000082000000, 0x0000000081f00000| Untracked 
|  32|0x0000000082000000, 0x0000000082100000, 0x0000000082100000|100%|HS|  |TAMS 0x0000000082100000, 0x0000000082000000| Complete 
|  33|0x0000000082100000, 0x0000000082200000, 0x0000000082200000|100%|HC|  |TAMS 0x0000000082200000, 0x0000000082100000| Complete 
|  34|0x0000000082200000, 0x0000000082300000, 0x0000000082300000|100%|HC|  |TAMS 0x0000000082300000, 0x0000000082200000| Complete 
|  35|0x0000000082300000, 0x0000000082400000, 0x0000000082400000|100%|HC|  |TAMS 0x0000000082400000, 0x0000000082300000| Complete 
|  36|0x0000000082400000, 0x0000000082500000, 0x0000000082500000|100%|HC|  |TAMS 0x0000000082500000, 0x0000000082400000| Complete 
|  37|0x0000000082500000, 0x0000000082600000, 0x0000000082600000|100%|HS|  |TAMS 0x0000000082600000, 0x0000000082500000| Complete 
|  38|0x0000000082600000, 0x0000000082700000, 0x0000000082700000|100%|HC|  |TAMS 0x0000000082700000, 0x0000000082600000| Complete 
|  39|0x0000000082700000, 0x0000000082800000, 0x0000000082800000|100%|HC|  |TAMS 0x0000000082800000, 0x0000000082700000| Complete 
|  40|0x0000000082800000, 0x0000000082900000, 0x0000000082900000|100%| O|  |TAMS 0x0000000082900000, 0x0000000082800000| Untracked 
|  41|0x0000000082900000, 0x0000000082a00000, 0x0000000082a00000|100%| O|  |TAMS 0x0000000082a00000, 0x0000000082900000| Untracked 
|  42|0x0000000082a00000, 0x0000000082b00000, 0x0000000082b00000|100%| O|  |TAMS 0x0000000082b00000, 0x0000000082a00000| Untracked 
|  43|0x0000000082b00000, 0x0000000082c00000, 0x0000000082c00000|100%| O|  |TAMS 0x0000000082c00000, 0x0000000082b00000| Untracked 
|  44|0x0000000082c00000, 0x0000000082d00000, 0x0000000082d00000|100%| O|  |TAMS 0x0000000082d00000, 0x0000000082c00000| Untracked 
|  45|0x0000000082d00000, 0x0000000082e00000, 0x0000000082e00000|100%| O|  |TAMS 0x0000000082e00000, 0x0000000082d00000| Untracked 
|  46|0x0000000082e00000, 0x0000000082f00000, 0x0000000082f00000|100%| O|  |TAMS 0x0000000082f00000, 0x0000000082e00000| Untracked 
|  47|0x0000000082f00000, 0x0000000083000000, 0x0000000083000000|100%| O|  |TAMS 0x0000000083000000, 0x0000000082f00000| Untracked 
|  48|0x0000000083000000, 0x0000000083100000, 0x0000000083100000|100%| O|  |TAMS 0x0000000083100000, 0x0000000083000000| Untracked 
|  49|0x0000000083100000, 0x0000000083200000, 0x0000000083200000|100%| O|  |TAMS 0x0000000083200000, 0x0000000083100000| Untracked 
|  50|0x0000000083200000, 0x0000000083300000, 0x0000000083300000|100%| O|  |TAMS 0x0000000083300000, 0x0000000083200000| Untracked 
|  51|0x0000000083300000, 0x0000000083400000, 0x0000000083400000|100%| O|  |TAMS 0x0000000083400000, 0x0000000083300000| Complete 
|  52|0x0000000083400000, 0x0000000083500000, 0x0000000083500000|100%|HS|  |TAMS 0x0000000083500000, 0x0000000083400000| Complete 
|  53|0x0000000083500000, 0x0000000083600000, 0x0000000083600000|100%|HS|  |TAMS 0x0000000083600000, 0x0000000083500000| Complete 
|  54|0x0000000083600000, 0x0000000083700000, 0x0000000083700000|100%|HS|  |TAMS 0x0000000083700000, 0x0000000083600000| Complete 
|  55|0x0000000083700000, 0x0000000083800000, 0x0000000083800000|100%|HC|  |TAMS 0x0000000083800000, 0x0000000083700000| Complete 
|  56|0x0000000083800000, 0x0000000083900000, 0x0000000083900000|100%| O|  |TAMS 0x0000000083900000, 0x0000000083800000| Untracked 
|  57|0x0000000083900000, 0x0000000083a00000, 0x0000000083a00000|100%| O|  |TAMS 0x0000000083a00000, 0x0000000083900000| Untracked 
|  58|0x0000000083a00000, 0x0000000083b00000, 0x0000000083b00000|100%| O|  |TAMS 0x0000000083b00000, 0x0000000083a00000| Complete 
|  59|0x0000000083b00000, 0x0000000083c00000, 0x0000000083c00000|100%| O|  |TAMS 0x0000000083c00000, 0x0000000083b00000| Untracked 
|  60|0x0000000083c00000, 0x0000000083d00000, 0x0000000083d00000|100%| O|  |TAMS 0x0000000083d00000, 0x0000000083c00000| Untracked 
|  61|0x0000000083d00000, 0x0000000083e00000, 0x0000000083e00000|100%| O|  |TAMS 0x0000000083e00000, 0x0000000083d00000| Untracked 
|  62|0x0000000083e00000, 0x0000000083f00000, 0x0000000083f00000|100%| O|  |TAMS 0x0000000083f00000, 0x0000000083e00000| Untracked 
|  63|0x0000000083f00000, 0x0000000084000000, 0x0000000084000000|100%| O|  |TAMS 0x0000000084000000, 0x0000000083f00000| Untracked 
|  64|0x0000000084000000, 0x0000000084100000, 0x0000000084100000|100%| O|  |TAMS 0x0000000084100000, 0x0000000084000000| Untracked 
|  65|0x0000000084100000, 0x0000000084200000, 0x0000000084200000|100%| O|  |TAMS 0x0000000084200000, 0x0000000084100000| Complete 
|  66|0x0000000084200000, 0x0000000084300000, 0x0000000084300000|100%| O|  |TAMS 0x0000000084300000, 0x0000000084200000| Untracked 
|  67|0x0000000084300000, 0x0000000084400000, 0x0000000084400000|100%| O|  |TAMS 0x0000000084400000, 0x0000000084300000| Complete 
|  68|0x0000000084400000, 0x0000000084500000, 0x0000000084500000|100%| O|  |TAMS 0x0000000084500000, 0x0000000084400000| Untracked 
|  69|0x0000000084500000, 0x0000000084600000, 0x0000000084600000|100%| O|  |TAMS 0x0000000084600000, 0x0000000084500000| Untracked 
|  70|0x0000000084600000, 0x0000000084700000, 0x0000000084700000|100%| O|  |TAMS 0x0000000084700000, 0x0000000084600000| Complete 
|  71|0x0000000084700000, 0x0000000084800000, 0x0000000084800000|100%| O|  |TAMS 0x0000000084800000, 0x0000000084700000| Untracked 
|  72|0x0000000084800000, 0x0000000084900000, 0x0000000084900000|100%| O|  |TAMS 0x0000000084900000, 0x0000000084800000| Complete 
|  73|0x0000000084900000, 0x0000000084a00000, 0x0000000084a00000|100%| O|  |TAMS 0x0000000084a00000, 0x0000000084900000| Untracked 
|  74|0x0000000084a00000, 0x0000000084b00000, 0x0000000084b00000|100%| O|  |TAMS 0x0000000084b00000, 0x0000000084a00000| Untracked 
|  75|0x0000000084b00000, 0x0000000084c00000, 0x0000000084c00000|100%| O|  |TAMS 0x0000000084c00000, 0x0000000084b00000| Untracked 
|  76|0x0000000084c00000, 0x0000000084d00000, 0x0000000084d00000|100%| O|  |TAMS 0x0000000084d00000, 0x0000000084c00000| Complete 
|  77|0x0000000084d00000, 0x0000000084e00000, 0x0000000084e00000|100%| O|  |TAMS 0x0000000084e00000, 0x0000000084d00000| Untracked 
|  78|0x0000000084e00000, 0x0000000084f00000, 0x0000000084f00000|100%| O|  |TAMS 0x0000000084f00000, 0x0000000084e00000| Untracked 
|  79|0x0000000084f00000, 0x0000000085000000, 0x0000000085000000|100%| O|  |TAMS 0x0000000085000000, 0x0000000084f00000| Untracked 
|  80|0x0000000085000000, 0x0000000085100000, 0x0000000085100000|100%| O|  |TAMS 0x0000000085100000, 0x0000000085000000| Complete 
|  81|0x0000000085100000, 0x0000000085200000, 0x0000000085200000|100%| O|  |TAMS 0x0000000085200000, 0x0000000085100000| Complete 
|  82|0x0000000085200000, 0x0000000085200000, 0x0000000085300000|  0%| F|  |TAMS 0x0000000085200000, 0x0000000085200000| Untracked 
|  83|0x0000000085300000, 0x0000000085400000, 0x0000000085400000|100%| O|  |TAMS 0x0000000085400000, 0x0000000085300000| Complete 
|  84|0x0000000085400000, 0x0000000085500000, 0x0000000085500000|100%| O|  |TAMS 0x0000000085500000, 0x0000000085400000| Complete 
|  85|0x0000000085500000, 0x0000000085600000, 0x0000000085600000|100%| O|  |TAMS 0x0000000085600000, 0x0000000085500000| Untracked 
|  86|0x0000000085600000, 0x0000000085700000, 0x0000000085700000|100%| O|  |TAMS 0x0000000085700000, 0x0000000085600000| Untracked 
|  87|0x0000000085700000, 0x0000000085800000, 0x0000000085800000|100%| O|  |TAMS 0x0000000085800000, 0x0000000085700000| Complete 
|  88|0x0000000085800000, 0x0000000085900000, 0x0000000085900000|100%| O|  |TAMS 0x0000000085900000, 0x0000000085800000| Complete 
|  89|0x0000000085900000, 0x0000000085a00000, 0x0000000085a00000|100%| O|  |TAMS 0x0000000085a00000, 0x0000000085900000| Untracked 
|  90|0x0000000085a00000, 0x0000000085b00000, 0x0000000085b00000|100%| O|  |TAMS 0x0000000085b00000, 0x0000000085a00000| Complete 
|  91|0x0000000085b00000, 0x0000000085c00000, 0x0000000085c00000|100%| O|  |TAMS 0x0000000085c00000, 0x0000000085b00000| Complete 
|  92|0x0000000085c00000, 0x0000000085d00000, 0x0000000085d00000|100%| O|  |TAMS 0x0000000085d00000, 0x0000000085c00000| Complete 
|  93|0x0000000085d00000, 0x0000000085e00000, 0x0000000085e00000|100%| O|  |TAMS 0x0000000085e00000, 0x0000000085d00000| Untracked 
|  94|0x0000000085e00000, 0x0000000085f00000, 0x0000000085f00000|100%| O|  |TAMS 0x0000000085f00000, 0x0000000085e00000| Complete 
|  95|0x0000000085f00000, 0x0000000086000000, 0x0000000086000000|100%| O|  |TAMS 0x0000000086000000, 0x0000000085f00000| Untracked 
|  96|0x0000000086000000, 0x0000000086100000, 0x0000000086100000|100%| O|  |TAMS 0x0000000086100000, 0x0000000086000000| Untracked 
|  97|0x0000000086100000, 0x0000000086200000, 0x0000000086200000|100%| O|  |TAMS 0x0000000086200000, 0x0000000086100000| Complete 
|  98|0x0000000086200000, 0x0000000086300000, 0x0000000086300000|100%|HS|  |TAMS 0x0000000086300000, 0x0000000086200000| Complete 
|  99|0x0000000086300000, 0x0000000086400000, 0x0000000086400000|100%| O|  |TAMS 0x0000000086400000, 0x0000000086300000| Complete 
| 100|0x0000000086400000, 0x00000000864c9a00, 0x0000000086500000| 78%| O|  |TAMS 0x00000000864c9a00, 0x0000000086400000| Untracked 
| 101|0x0000000086500000, 0x0000000086600000, 0x0000000086600000|100%| O|  |TAMS 0x0000000086600000, 0x0000000086500000| Complete 
| 102|0x0000000086600000, 0x0000000086600000, 0x0000000086700000|  0%| F|  |TAMS 0x0000000086600000, 0x0000000086600000| Untracked 
| 103|0x0000000086700000, 0x0000000086800000, 0x0000000086800000|100%| O|  |TAMS 0x0000000086800000, 0x0000000086700000| Complete 
| 104|0x0000000086800000, 0x0000000086800000, 0x0000000086900000|  0%| F|  |TAMS 0x0000000086800000, 0x0000000086800000| Untracked 
| 105|0x0000000086900000, 0x0000000086a00000, 0x0000000086a00000|100%| O|  |TAMS 0x0000000086a00000, 0x0000000086900000| Complete 
| 106|0x0000000086a00000, 0x0000000086a00000, 0x0000000086b00000|  0%| F|  |TAMS 0x0000000086a00000, 0x0000000086a00000| Untracked 
| 107|0x0000000086b00000, 0x0000000086b00000, 0x0000000086c00000|  0%| F|  |TAMS 0x0000000086b00000, 0x0000000086b00000| Untracked 
| 108|0x0000000086c00000, 0x0000000086d00000, 0x0000000086d00000|100%| O|  |TAMS 0x0000000086d00000, 0x0000000086c00000| Complete 
| 109|0x0000000086d00000, 0x0000000086e00000, 0x0000000086e00000|100%| O|  |TAMS 0x0000000086e00000, 0x0000000086d00000| Complete 
| 110|0x0000000086e00000, 0x0000000086f00000, 0x0000000086f00000|100%| O|  |TAMS 0x0000000086f00000, 0x0000000086e00000| Complete 
| 111|0x0000000086f00000, 0x0000000087000000, 0x0000000087000000|100%| O|  |TAMS 0x0000000087000000, 0x0000000086f00000| Untracked 
| 112|0x0000000087000000, 0x0000000087100000, 0x0000000087100000|100%| O|  |TAMS 0x0000000087100000, 0x0000000087000000| Untracked 
| 113|0x0000000087100000, 0x0000000087200000, 0x0000000087200000|100%| O|  |TAMS 0x0000000087200000, 0x0000000087100000| Untracked 
| 114|0x0000000087200000, 0x0000000087300000, 0x0000000087300000|100%| O|  |TAMS 0x0000000087300000, 0x0000000087200000| Complete 
| 115|0x0000000087300000, 0x0000000087400000, 0x0000000087400000|100%| O|  |TAMS 0x0000000087400000, 0x0000000087300000| Untracked 
| 116|0x0000000087400000, 0x0000000087500000, 0x0000000087500000|100%| O|  |TAMS 0x0000000087500000, 0x0000000087400000| Complete 
| 117|0x0000000087500000, 0x0000000087600000, 0x0000000087600000|100%| O|  |TAMS 0x0000000087600000, 0x0000000087500000| Complete 
| 118|0x0000000087600000, 0x0000000087700000, 0x0000000087700000|100%| O|  |TAMS 0x0000000087700000, 0x0000000087600000| Untracked 
| 119|0x0000000087700000, 0x0000000087800000, 0x0000000087800000|100%| O|  |TAMS 0x0000000087800000, 0x0000000087700000| Untracked 
| 120|0x0000000087800000, 0x0000000087900000, 0x0000000087900000|100%| O|  |TAMS 0x0000000087900000, 0x0000000087800000| Untracked 
| 121|0x0000000087900000, 0x0000000087a00000, 0x0000000087a00000|100%| O|  |TAMS 0x0000000087a00000, 0x0000000087900000| Untracked 
| 122|0x0000000087a00000, 0x0000000087a00000, 0x0000000087b00000|  0%| F|  |TAMS 0x0000000087a00000, 0x0000000087a00000| Untracked 
| 123|0x0000000087b00000, 0x0000000087c00000, 0x0000000087c00000|100%| O|  |TAMS 0x0000000087c00000, 0x0000000087b00000| Complete 
| 124|0x0000000087c00000, 0x0000000087d00000, 0x0000000087d00000|100%| O|  |TAMS 0x0000000087d00000, 0x0000000087c00000| Complete 
| 125|0x0000000087d00000, 0x0000000087e00000, 0x0000000087e00000|100%| O|  |TAMS 0x0000000087e00000, 0x0000000087d00000| Complete 
| 126|0x0000000087e00000, 0x0000000087e00000, 0x0000000087f00000|  0%| F|  |TAMS 0x0000000087e00000, 0x0000000087e00000| Untracked 
| 127|0x0000000087f00000, 0x0000000088000000, 0x0000000088000000|100%| O|  |TAMS 0x0000000088000000, 0x0000000087f00000| Complete 
| 128|0x0000000088000000, 0x0000000088000000, 0x0000000088100000|  0%| F|  |TAMS 0x0000000088000000, 0x0000000088000000| Untracked 
| 129|0x0000000088100000, 0x0000000088100000, 0x0000000088200000|  0%| F|  |TAMS 0x0000000088100000, 0x0000000088100000| Untracked 
| 130|0x0000000088200000, 0x0000000088300000, 0x0000000088300000|100%| O|  |TAMS 0x0000000088300000, 0x0000000088200000| Untracked 
| 131|0x0000000088300000, 0x0000000088400000, 0x0000000088400000|100%| O|  |TAMS 0x0000000088400000, 0x0000000088300000| Untracked 
| 132|0x0000000088400000, 0x0000000088500000, 0x0000000088500000|100%| O|  |TAMS 0x0000000088500000, 0x0000000088400000| Complete 
| 133|0x0000000088500000, 0x0000000088600000, 0x0000000088600000|100%| O|  |TAMS 0x0000000088600000, 0x0000000088500000| Complete 
| 134|0x0000000088600000, 0x0000000088600000, 0x0000000088700000|  0%| F|  |TAMS 0x0000000088600000, 0x0000000088600000| Untracked 
| 135|0x0000000088700000, 0x0000000088700000, 0x0000000088800000|  0%| F|  |TAMS 0x0000000088700000, 0x0000000088700000| Untracked 
| 136|0x0000000088800000, 0x0000000088900000, 0x0000000088900000|100%| O|  |TAMS 0x0000000088900000, 0x0000000088800000| Complete 
| 137|0x0000000088900000, 0x0000000088900000, 0x0000000088a00000|  0%| F|  |TAMS 0x0000000088900000, 0x0000000088900000| Untracked 
| 138|0x0000000088a00000, 0x0000000088a00000, 0x0000000088b00000|  0%| F|  |TAMS 0x0000000088a00000, 0x0000000088a00000| Untracked 
| 139|0x0000000088b00000, 0x0000000088b00000, 0x0000000088c00000|  0%| F|  |TAMS 0x0000000088b00000, 0x0000000088b00000| Untracked 
| 140|0x0000000088c00000, 0x0000000088c00000, 0x0000000088d00000|  0%| F|  |TAMS 0x0000000088c00000, 0x0000000088c00000| Untracked 
| 141|0x0000000088d00000, 0x0000000088e00000, 0x0000000088e00000|100%| O|  |TAMS 0x0000000088e00000, 0x0000000088d00000| Complete 
| 142|0x0000000088e00000, 0x0000000088e00000, 0x0000000088f00000|  0%| F|  |TAMS 0x0000000088e00000, 0x0000000088e00000| Untracked 
| 143|0x0000000088f00000, 0x0000000088f00000, 0x0000000089000000|  0%| F|  |TAMS 0x0000000088f00000, 0x0000000088f00000| Untracked 
| 144|0x0000000089000000, 0x0000000089000000, 0x0000000089100000|  0%| F|  |TAMS 0x0000000089000000, 0x0000000089000000| Untracked 
| 145|0x0000000089100000, 0x0000000089100000, 0x0000000089200000|  0%| F|  |TAMS 0x0000000089100000, 0x0000000089100000| Untracked 
| 146|0x0000000089200000, 0x0000000089200000, 0x0000000089300000|  0%| F|  |TAMS 0x0000000089200000, 0x0000000089200000| Untracked 
| 147|0x0000000089300000, 0x0000000089300000, 0x0000000089400000|  0%| F|  |TAMS 0x0000000089300000, 0x0000000089300000| Untracked 
| 148|0x0000000089400000, 0x0000000089400000, 0x0000000089500000|  0%| F|  |TAMS 0x0000000089400000, 0x0000000089400000| Untracked 
| 149|0x0000000089500000, 0x0000000089500000, 0x0000000089600000|  0%| F|  |TAMS 0x0000000089500000, 0x0000000089500000| Untracked 
| 150|0x0000000089600000, 0x0000000089600000, 0x0000000089700000|  0%| F|  |TAMS 0x0000000089600000, 0x0000000089600000| Untracked 
| 151|0x0000000089700000, 0x0000000089700000, 0x0000000089800000|  0%| F|  |TAMS 0x0000000089700000, 0x0000000089700000| Untracked 
| 152|0x0000000089800000, 0x0000000089800000, 0x0000000089900000|  0%| F|  |TAMS 0x0000000089800000, 0x0000000089800000| Untracked 
| 153|0x0000000089900000, 0x0000000089900000, 0x0000000089a00000|  0%| F|  |TAMS 0x0000000089900000, 0x0000000089900000| Untracked 
| 154|0x0000000089a00000, 0x0000000089a00000, 0x0000000089b00000|  0%| F|  |TAMS 0x0000000089a00000, 0x0000000089a00000| Untracked 
| 155|0x0000000089b00000, 0x0000000089b00000, 0x0000000089c00000|  0%| F|  |TAMS 0x0000000089b00000, 0x0000000089b00000| Untracked 
| 156|0x0000000089c00000, 0x0000000089c00000, 0x0000000089d00000|  0%| F|  |TAMS 0x0000000089c00000, 0x0000000089c00000| Untracked 
| 157|0x0000000089d00000, 0x0000000089d00000, 0x0000000089e00000|  0%| F|  |TAMS 0x0000000089d00000, 0x0000000089d00000| Untracked 
| 158|0x0000000089e00000, 0x0000000089f00000, 0x0000000089f00000|100%| O|  |TAMS 0x0000000089f00000, 0x0000000089e00000| Complete 
| 159|0x0000000089f00000, 0x000000008a000000, 0x000000008a000000|100%| O|  |TAMS 0x000000008a000000, 0x0000000089f00000| Complete 
| 160|0x000000008a000000, 0x000000008a100000, 0x000000008a100000|100%| O|  |TAMS 0x000000008a100000, 0x000000008a000000| Complete 
| 161|0x000000008a100000, 0x000000008a100000, 0x000000008a200000|  0%| F|  |TAMS 0x000000008a100000, 0x000000008a100000| Untracked 
| 162|0x000000008a200000, 0x000000008a200000, 0x000000008a300000|  0%| F|  |TAMS 0x000000008a200000, 0x000000008a200000| Untracked 
| 163|0x000000008a300000, 0x000000008a300000, 0x000000008a400000|  0%| F|  |TAMS 0x000000008a300000, 0x000000008a300000| Untracked 
| 164|0x000000008a400000, 0x000000008a400000, 0x000000008a500000|  0%| F|  |TAMS 0x000000008a400000, 0x000000008a400000| Untracked 
| 165|0x000000008a500000, 0x000000008a500000, 0x000000008a600000|  0%| F|  |TAMS 0x000000008a500000, 0x000000008a500000| Untracked 
| 166|0x000000008a600000, 0x000000008a700000, 0x000000008a700000|100%| O|  |TAMS 0x000000008a700000, 0x000000008a600000| Complete 
| 167|0x000000008a700000, 0x000000008a700000, 0x000000008a800000|  0%| F|  |TAMS 0x000000008a700000, 0x000000008a700000| Untracked 
| 168|0x000000008a800000, 0x000000008a800000, 0x000000008a900000|  0%| F|  |TAMS 0x000000008a800000, 0x000000008a800000| Untracked 
| 169|0x000000008a900000, 0x000000008a900000, 0x000000008aa00000|  0%| F|  |TAMS 0x000000008a900000, 0x000000008a900000| Untracked 
| 170|0x000000008aa00000, 0x000000008ab00000, 0x000000008ab00000|100%| O|  |TAMS 0x000000008ab00000, 0x000000008aa00000| Complete 
| 171|0x000000008ab00000, 0x000000008ab00000, 0x000000008ac00000|  0%| F|  |TAMS 0x000000008ab00000, 0x000000008ab00000| Untracked 
| 172|0x000000008ac00000, 0x000000008ac00000, 0x000000008ad00000|  0%| F|  |TAMS 0x000000008ac00000, 0x000000008ac00000| Untracked 
| 173|0x000000008ad00000, 0x000000008ad00000, 0x000000008ae00000|  0%| F|  |TAMS 0x000000008ad00000, 0x000000008ad00000| Untracked 
| 174|0x000000008ae00000, 0x000000008ae00000, 0x000000008af00000|  0%| F|  |TAMS 0x000000008ae00000, 0x000000008ae00000| Untracked 
| 175|0x000000008af00000, 0x000000008af00000, 0x000000008b000000|  0%| F|  |TAMS 0x000000008af00000, 0x000000008af00000| Untracked 
| 176|0x000000008b000000, 0x000000008b000000, 0x000000008b100000|  0%| F|  |TAMS 0x000000008b000000, 0x000000008b000000| Untracked 
| 177|0x000000008b100000, 0x000000008b200000, 0x000000008b200000|100%| O|  |TAMS 0x000000008b200000, 0x000000008b100000| Complete 
| 178|0x000000008b200000, 0x000000008b200000, 0x000000008b300000|  0%| F|  |TAMS 0x000000008b200000, 0x000000008b200000| Untracked 
| 179|0x000000008b300000, 0x000000008b300000, 0x000000008b400000|  0%| F|  |TAMS 0x000000008b300000, 0x000000008b300000| Untracked 
| 180|0x000000008b400000, 0x000000008b500000, 0x000000008b500000|100%| O|  |TAMS 0x000000008b500000, 0x000000008b400000| Complete 
| 181|0x000000008b500000, 0x000000008b500000, 0x000000008b600000|  0%| F|  |TAMS 0x000000008b500000, 0x000000008b500000| Untracked 
| 182|0x000000008b600000, 0x000000008b600000, 0x000000008b700000|  0%| F|  |TAMS 0x000000008b600000, 0x000000008b600000| Untracked 
| 183|0x000000008b700000, 0x000000008b800000, 0x000000008b800000|100%| O|  |TAMS 0x000000008b800000, 0x000000008b700000| Complete 
| 184|0x000000008b800000, 0x000000008b900000, 0x000000008b900000|100%| O|  |TAMS 0x000000008b900000, 0x000000008b800000| Complete 
| 185|0x000000008b900000, 0x000000008b900000, 0x000000008ba00000|  0%| F|  |TAMS 0x000000008b900000, 0x000000008b900000| Untracked 
| 186|0x000000008ba00000, 0x000000008ba00000, 0x000000008bb00000|  0%| F|  |TAMS 0x000000008ba00000, 0x000000008ba00000| Untracked 
| 187|0x000000008bb00000, 0x000000008bb00000, 0x000000008bc00000|  0%| F|  |TAMS 0x000000008bb00000, 0x000000008bb00000| Untracked 
| 188|0x000000008bc00000, 0x000000008bc00000, 0x000000008bd00000|  0%| F|  |TAMS 0x000000008bc00000, 0x000000008bc00000| Untracked 
| 189|0x000000008bd00000, 0x000000008bd00000, 0x000000008be00000|  0%| F|  |TAMS 0x000000008bd00000, 0x000000008bd00000| Untracked 
| 190|0x000000008be00000, 0x000000008be00000, 0x000000008bf00000|  0%| F|  |TAMS 0x000000008be00000, 0x000000008be00000| Untracked 
| 191|0x000000008bf00000, 0x000000008c000000, 0x000000008c000000|100%| O|  |TAMS 0x000000008c000000, 0x000000008bf00000| Complete 
| 192|0x000000008c000000, 0x000000008c000000, 0x000000008c100000|  0%| F|  |TAMS 0x000000008c000000, 0x000000008c000000| Untracked 
| 193|0x000000008c100000, 0x000000008c200000, 0x000000008c200000|100%| O|  |TAMS 0x000000008c200000, 0x000000008c100000| Complete 
| 194|0x000000008c200000, 0x000000008c200000, 0x000000008c300000|  0%| F|  |TAMS 0x000000008c200000, 0x000000008c200000| Untracked 
| 195|0x000000008c300000, 0x000000008c300000, 0x000000008c400000|  0%| F|  |TAMS 0x000000008c300000, 0x000000008c300000| Untracked 
| 196|0x000000008c400000, 0x000000008c400000, 0x000000008c500000|  0%| F|  |TAMS 0x000000008c400000, 0x000000008c400000| Untracked 
| 197|0x000000008c500000, 0x000000008c600000, 0x000000008c600000|100%| O|  |TAMS 0x000000008c600000, 0x000000008c500000| Complete 
| 198|0x000000008c600000, 0x000000008c600000, 0x000000008c700000|  0%| F|  |TAMS 0x000000008c600000, 0x000000008c600000| Untracked 
| 199|0x000000008c700000, 0x000000008c700000, 0x000000008c800000|  0%| F|  |TAMS 0x000000008c700000, 0x000000008c700000| Untracked 
| 200|0x000000008c800000, 0x000000008c800000, 0x000000008c900000|  0%| F|  |TAMS 0x000000008c800000, 0x000000008c800000| Untracked 
| 201|0x000000008c900000, 0x000000008ca00000, 0x000000008ca00000|100%| O|  |TAMS 0x000000008ca00000, 0x000000008c900000| Complete 
| 202|0x000000008ca00000, 0x000000008cb00000, 0x000000008cb00000|100%| O|  |TAMS 0x000000008cb00000, 0x000000008ca00000| Complete 
| 203|0x000000008cb00000, 0x000000008cc00000, 0x000000008cc00000|100%| O|  |TAMS 0x000000008cc00000, 0x000000008cb00000| Complete 
| 204|0x000000008cc00000, 0x000000008cd00000, 0x000000008cd00000|100%| O|  |TAMS 0x000000008cd00000, 0x000000008cc00000| Complete 
| 205|0x000000008cd00000, 0x000000008ce00000, 0x000000008ce00000|100%| O|  |TAMS 0x000000008ce00000, 0x000000008cd00000| Complete 
| 206|0x000000008ce00000, 0x000000008cf00000, 0x000000008cf00000|100%| O|  |TAMS 0x000000008cf00000, 0x000000008ce00000| Complete 
| 207|0x000000008cf00000, 0x000000008d000000, 0x000000008d000000|100%| O|  |TAMS 0x000000008d000000, 0x000000008cf00000| Complete 
| 208|0x000000008d000000, 0x000000008d000000, 0x000000008d100000|  0%| F|  |TAMS 0x000000008d000000, 0x000000008d000000| Untracked 
| 209|0x000000008d100000, 0x000000008d100000, 0x000000008d200000|  0%| F|  |TAMS 0x000000008d100000, 0x000000008d100000| Untracked 
| 210|0x000000008d200000, 0x000000008d200000, 0x000000008d300000|  0%| F|  |TAMS 0x000000008d200000, 0x000000008d200000| Untracked 
| 211|0x000000008d300000, 0x000000008d300000, 0x000000008d400000|  0%| F|  |TAMS 0x000000008d300000, 0x000000008d300000| Untracked 
| 212|0x000000008d400000, 0x000000008d400000, 0x000000008d500000|  0%| F|  |TAMS 0x000000008d400000, 0x000000008d400000| Untracked 
| 213|0x000000008d500000, 0x000000008d500000, 0x000000008d600000|  0%| F|  |TAMS 0x000000008d500000, 0x000000008d500000| Untracked 
| 214|0x000000008d600000, 0x000000008d600000, 0x000000008d700000|  0%| F|  |TAMS 0x000000008d600000, 0x000000008d600000| Untracked 
| 215|0x000000008d700000, 0x000000008d800000, 0x000000008d800000|100%| O|  |TAMS 0x000000008d800000, 0x000000008d700000| Complete 
| 216|0x000000008d800000, 0x000000008d900000, 0x000000008d900000|100%| O|  |TAMS 0x000000008d900000, 0x000000008d800000| Complete 
| 217|0x000000008d900000, 0x000000008da00000, 0x000000008da00000|100%| O|  |TAMS 0x000000008da00000, 0x000000008d900000| Complete 
| 218|0x000000008da00000, 0x000000008db00000, 0x000000008db00000|100%| O|  |TAMS 0x000000008db00000, 0x000000008da00000| Complete 
| 219|0x000000008db00000, 0x000000008dc00000, 0x000000008dc00000|100%| O|  |TAMS 0x000000008dc00000, 0x000000008db00000| Complete 
| 220|0x000000008dc00000, 0x000000008dc00000, 0x000000008dd00000|  0%| F|  |TAMS 0x000000008dc00000, 0x000000008dc00000| Untracked 
| 221|0x000000008dd00000, 0x000000008dd00000, 0x000000008de00000|  0%| F|  |TAMS 0x000000008dd00000, 0x000000008dd00000| Untracked 
| 222|0x000000008de00000, 0x000000008de00000, 0x000000008df00000|  0%| F|  |TAMS 0x000000008de00000, 0x000000008de00000| Untracked 
| 223|0x000000008df00000, 0x000000008df00000, 0x000000008e000000|  0%| F|  |TAMS 0x000000008df00000, 0x000000008df00000| Untracked 
| 224|0x000000008e000000, 0x000000008e000000, 0x000000008e100000|  0%| F|  |TAMS 0x000000008e000000, 0x000000008e000000| Untracked 
| 225|0x000000008e100000, 0x000000008e100000, 0x000000008e200000|  0%| F|  |TAMS 0x000000008e100000, 0x000000008e100000| Untracked 
| 226|0x000000008e200000, 0x000000008e200000, 0x000000008e300000|  0%| F|  |TAMS 0x000000008e200000, 0x000000008e200000| Untracked 
| 227|0x000000008e300000, 0x000000008e300000, 0x000000008e400000|  0%| F|  |TAMS 0x000000008e300000, 0x000000008e300000| Untracked 
| 228|0x000000008e400000, 0x000000008e400000, 0x000000008e500000|  0%| F|  |TAMS 0x000000008e400000, 0x000000008e400000| Untracked 
| 229|0x000000008e500000, 0x000000008e500000, 0x000000008e600000|  0%| F|  |TAMS 0x000000008e500000, 0x000000008e500000| Untracked 
| 230|0x000000008e600000, 0x000000008e600000, 0x000000008e700000|  0%| F|  |TAMS 0x000000008e600000, 0x000000008e600000| Untracked 
| 231|0x000000008e700000, 0x000000008e700000, 0x000000008e800000|  0%| F|  |TAMS 0x000000008e700000, 0x000000008e700000| Untracked 
| 232|0x000000008e800000, 0x000000008e800000, 0x000000008e900000|  0%| F|  |TAMS 0x000000008e800000, 0x000000008e800000| Untracked 
| 233|0x000000008e900000, 0x000000008e900000, 0x000000008ea00000|  0%| F|  |TAMS 0x000000008e900000, 0x000000008e900000| Untracked 
| 234|0x000000008ea00000, 0x000000008ea00000, 0x000000008eb00000|  0%| F|  |TAMS 0x000000008ea00000, 0x000000008ea00000| Untracked 
| 235|0x000000008eb00000, 0x000000008eb00000, 0x000000008ec00000|  0%| F|  |TAMS 0x000000008eb00000, 0x000000008eb00000| Untracked 
| 236|0x000000008ec00000, 0x000000008ec00000, 0x000000008ed00000|  0%| F|  |TAMS 0x000000008ec00000, 0x000000008ec00000| Untracked 
| 237|0x000000008ed00000, 0x000000008ed44498, 0x000000008ee00000| 26%| S|CS|TAMS 0x000000008ed00000, 0x000000008ed00000| Complete 
| 238|0x000000008ee00000, 0x000000008ef00000, 0x000000008ef00000|100%| S|CS|TAMS 0x000000008ee00000, 0x000000008ee00000| Complete 
| 239|0x000000008ef00000, 0x000000008ef00000, 0x000000008f000000|  0%| F|  |TAMS 0x000000008ef00000, 0x000000008ef00000| Untracked 
| 240|0x000000008f000000, 0x000000008f000000, 0x000000008f100000|  0%| F|  |TAMS 0x000000008f000000, 0x000000008f000000| Untracked 
| 241|0x000000008f100000, 0x000000008f100000, 0x000000008f200000|  0%| F|  |TAMS 0x000000008f100000, 0x000000008f100000| Untracked 
| 242|0x000000008f200000, 0x000000008f200000, 0x000000008f300000|  0%| F|  |TAMS 0x000000008f200000, 0x000000008f200000| Untracked 
| 243|0x000000008f300000, 0x000000008f300000, 0x000000008f400000|  0%| F|  |TAMS 0x000000008f300000, 0x000000008f300000| Untracked 
| 244|0x000000008f400000, 0x000000008f400000, 0x000000008f500000|  0%| F|  |TAMS 0x000000008f400000, 0x000000008f400000| Untracked 
| 245|0x000000008f500000, 0x000000008f500000, 0x000000008f600000|  0%| F|  |TAMS 0x000000008f500000, 0x000000008f500000| Untracked 
| 246|0x000000008f600000, 0x000000008f600000, 0x000000008f700000|  0%| F|  |TAMS 0x000000008f600000, 0x000000008f600000| Untracked 
| 247|0x000000008f700000, 0x000000008f700000, 0x000000008f800000|  0%| F|  |TAMS 0x000000008f700000, 0x000000008f700000| Untracked 
| 248|0x000000008f800000, 0x000000008f800000, 0x000000008f900000|  0%| F|  |TAMS 0x000000008f800000, 0x000000008f800000| Untracked 
| 249|0x000000008f900000, 0x000000008f900000, 0x000000008fa00000|  0%| F|  |TAMS 0x000000008f900000, 0x000000008f900000| Untracked 
| 250|0x000000008fa00000, 0x000000008fa00000, 0x000000008fb00000|  0%| F|  |TAMS 0x000000008fa00000, 0x000000008fa00000| Untracked 
| 251|0x000000008fb00000, 0x000000008fb00000, 0x000000008fc00000|  0%| F|  |TAMS 0x000000008fb00000, 0x000000008fb00000| Untracked 
| 252|0x000000008fc00000, 0x000000008fc00000, 0x000000008fd00000|  0%| F|  |TAMS 0x000000008fc00000, 0x000000008fc00000| Untracked 
| 253|0x000000008fd00000, 0x000000008fd00000, 0x000000008fe00000|  0%| F|  |TAMS 0x000000008fd00000, 0x000000008fd00000| Untracked 
| 254|0x000000008fe00000, 0x000000008fe00000, 0x000000008ff00000|  0%| F|  |TAMS 0x000000008fe00000, 0x000000008fe00000| Untracked 
| 255|0x000000008ff00000, 0x000000008ff00000, 0x0000000090000000|  0%| F|  |TAMS 0x000000008ff00000, 0x000000008ff00000| Untracked 
| 256|0x0000000090000000, 0x0000000090000000, 0x0000000090100000|  0%| F|  |TAMS 0x0000000090000000, 0x0000000090000000| Untracked 
| 257|0x0000000090100000, 0x0000000090100000, 0x0000000090200000|  0%| F|  |TAMS 0x0000000090100000, 0x0000000090100000| Untracked 
| 258|0x0000000090200000, 0x0000000090200000, 0x0000000090300000|  0%| F|  |TAMS 0x0000000090200000, 0x0000000090200000| Untracked 
| 259|0x0000000090300000, 0x0000000090300000, 0x0000000090400000|  0%| F|  |TAMS 0x0000000090300000, 0x0000000090300000| Untracked 
| 260|0x0000000090400000, 0x0000000090400000, 0x0000000090500000|  0%| F|  |TAMS 0x0000000090400000, 0x0000000090400000| Untracked 
| 261|0x0000000090500000, 0x0000000090500000, 0x0000000090600000|  0%| F|  |TAMS 0x0000000090500000, 0x0000000090500000| Untracked 
| 262|0x0000000090600000, 0x0000000090600000, 0x0000000090700000|  0%| F|  |TAMS 0x0000000090600000, 0x0000000090600000| Untracked 
| 263|0x0000000090700000, 0x0000000090700000, 0x0000000090800000|  0%| F|  |TAMS 0x0000000090700000, 0x0000000090700000| Untracked 
| 264|0x0000000090800000, 0x0000000090800000, 0x0000000090900000|  0%| F|  |TAMS 0x0000000090800000, 0x0000000090800000| Untracked 
| 265|0x0000000090900000, 0x0000000090900000, 0x0000000090a00000|  0%| F|  |TAMS 0x0000000090900000, 0x0000000090900000| Untracked 
| 266|0x0000000090a00000, 0x0000000090a00000, 0x0000000090b00000|  0%| F|  |TAMS 0x0000000090a00000, 0x0000000090a00000| Untracked 
| 267|0x0000000090b00000, 0x0000000090b00000, 0x0000000090c00000|  0%| F|  |TAMS 0x0000000090b00000, 0x0000000090b00000| Untracked 
| 268|0x0000000090c00000, 0x0000000090c00000, 0x0000000090d00000|  0%| F|  |TAMS 0x0000000090c00000, 0x0000000090c00000| Untracked 
| 269|0x0000000090d00000, 0x0000000090d00000, 0x0000000090e00000|  0%| F|  |TAMS 0x0000000090d00000, 0x0000000090d00000| Untracked 
| 270|0x0000000090e00000, 0x0000000090e00000, 0x0000000090f00000|  0%| F|  |TAMS 0x0000000090e00000, 0x0000000090e00000| Untracked 
| 271|0x0000000090f00000, 0x0000000090f00000, 0x0000000091000000|  0%| F|  |TAMS 0x0000000090f00000, 0x0000000090f00000| Untracked 
| 272|0x0000000091000000, 0x0000000091000000, 0x0000000091100000|  0%| F|  |TAMS 0x0000000091000000, 0x0000000091000000| Untracked 
| 273|0x0000000091100000, 0x0000000091100000, 0x0000000091200000|  0%| F|  |TAMS 0x0000000091100000, 0x0000000091100000| Untracked 
| 274|0x0000000091200000, 0x0000000091200000, 0x0000000091300000|  0%| F|  |TAMS 0x0000000091200000, 0x0000000091200000| Untracked 
| 275|0x0000000091300000, 0x0000000091300000, 0x0000000091400000|  0%| F|  |TAMS 0x0000000091300000, 0x0000000091300000| Untracked 
| 276|0x0000000091400000, 0x0000000091400000, 0x0000000091500000|  0%| F|  |TAMS 0x0000000091400000, 0x0000000091400000| Untracked 
| 277|0x0000000091500000, 0x0000000091500000, 0x0000000091600000|  0%| F|  |TAMS 0x0000000091500000, 0x0000000091500000| Untracked 
| 278|0x0000000091600000, 0x0000000091600000, 0x0000000091700000|  0%| F|  |TAMS 0x0000000091600000, 0x0000000091600000| Untracked 
| 279|0x0000000091700000, 0x0000000091700000, 0x0000000091800000|  0%| F|  |TAMS 0x0000000091700000, 0x0000000091700000| Untracked 
| 280|0x0000000091800000, 0x0000000091800000, 0x0000000091900000|  0%| F|  |TAMS 0x0000000091800000, 0x0000000091800000| Untracked 
| 281|0x0000000091900000, 0x0000000091900000, 0x0000000091a00000|  0%| F|  |TAMS 0x0000000091900000, 0x0000000091900000| Untracked 
| 282|0x0000000091a00000, 0x0000000091a00000, 0x0000000091b00000|  0%| F|  |TAMS 0x0000000091a00000, 0x0000000091a00000| Untracked 
| 283|0x0000000091b00000, 0x0000000091b00000, 0x0000000091c00000|  0%| F|  |TAMS 0x0000000091b00000, 0x0000000091b00000| Untracked 
| 284|0x0000000091c00000, 0x0000000091c00000, 0x0000000091d00000|  0%| F|  |TAMS 0x0000000091c00000, 0x0000000091c00000| Untracked 
| 285|0x0000000091d00000, 0x0000000091d00000, 0x0000000091e00000|  0%| F|  |TAMS 0x0000000091d00000, 0x0000000091d00000| Untracked 
| 286|0x0000000091e00000, 0x0000000091e00000, 0x0000000091f00000|  0%| F|  |TAMS 0x0000000091e00000, 0x0000000091e00000| Untracked 
| 287|0x0000000091f00000, 0x0000000091fee148, 0x0000000092000000| 93%| E|  |TAMS 0x0000000091f00000, 0x0000000091f00000| Complete 
| 288|0x0000000092000000, 0x0000000092100000, 0x0000000092100000|100%| E|CS|TAMS 0x0000000092000000, 0x0000000092000000| Complete 
| 289|0x0000000092100000, 0x0000000092200000, 0x0000000092200000|100%| E|CS|TAMS 0x0000000092100000, 0x0000000092100000| Complete 
| 290|0x0000000092200000, 0x0000000092300000, 0x0000000092300000|100%| E|CS|TAMS 0x0000000092200000, 0x0000000092200000| Complete 
| 291|0x0000000092300000, 0x0000000092400000, 0x0000000092400000|100%| E|CS|TAMS 0x0000000092300000, 0x0000000092300000| Complete 
| 292|0x0000000092400000, 0x0000000092500000, 0x0000000092500000|100%| E|CS|TAMS 0x0000000092400000, 0x0000000092400000| Complete 
| 293|0x0000000092500000, 0x0000000092600000, 0x0000000092600000|100%| E|CS|TAMS 0x0000000092500000, 0x0000000092500000| Complete 
| 294|0x0000000092600000, 0x0000000092700000, 0x0000000092700000|100%| E|CS|TAMS 0x0000000092600000, 0x0000000092600000| Complete 
| 295|0x0000000092700000, 0x0000000092800000, 0x0000000092800000|100%| E|CS|TAMS 0x0000000092700000, 0x0000000092700000| Complete 
| 296|0x0000000092800000, 0x0000000092900000, 0x0000000092900000|100%| E|CS|TAMS 0x0000000092800000, 0x0000000092800000| Complete 
| 297|0x0000000092900000, 0x0000000092a00000, 0x0000000092a00000|100%| E|CS|TAMS 0x0000000092900000, 0x0000000092900000| Complete 
| 298|0x0000000092a00000, 0x0000000092b00000, 0x0000000092b00000|100%| E|CS|TAMS 0x0000000092a00000, 0x0000000092a00000| Complete 
| 299|0x0000000092b00000, 0x0000000092c00000, 0x0000000092c00000|100%| E|CS|TAMS 0x0000000092b00000, 0x0000000092b00000| Complete 
| 300|0x0000000092c00000, 0x0000000092d00000, 0x0000000092d00000|100%| E|CS|TAMS 0x0000000092c00000, 0x0000000092c00000| Complete 
| 301|0x0000000092d00000, 0x0000000092e00000, 0x0000000092e00000|100%| E|CS|TAMS 0x0000000092d00000, 0x0000000092d00000| Complete 
| 302|0x0000000092e00000, 0x0000000092f00000, 0x0000000092f00000|100%| E|CS|TAMS 0x0000000092e00000, 0x0000000092e00000| Complete 
| 303|0x0000000092f00000, 0x0000000093000000, 0x0000000093000000|100%| E|CS|TAMS 0x0000000092f00000, 0x0000000092f00000| Complete 
| 304|0x0000000093000000, 0x0000000093100000, 0x0000000093100000|100%| E|CS|TAMS 0x0000000093000000, 0x0000000093000000| Complete 
| 305|0x0000000093100000, 0x0000000093200000, 0x0000000093200000|100%| E|CS|TAMS 0x0000000093100000, 0x0000000093100000| Complete 
| 306|0x0000000093200000, 0x0000000093300000, 0x0000000093300000|100%| E|CS|TAMS 0x0000000093200000, 0x0000000093200000| Complete 
| 307|0x0000000093300000, 0x0000000093400000, 0x0000000093400000|100%| E|CS|TAMS 0x0000000093300000, 0x0000000093300000| Complete 
| 308|0x0000000093400000, 0x0000000093500000, 0x0000000093500000|100%| E|CS|TAMS 0x0000000093400000, 0x0000000093400000| Complete 
| 309|0x0000000093500000, 0x0000000093600000, 0x0000000093600000|100%| E|CS|TAMS 0x0000000093500000, 0x0000000093500000| Complete 
| 310|0x0000000093600000, 0x0000000093700000, 0x0000000093700000|100%| E|CS|TAMS 0x0000000093600000, 0x0000000093600000| Complete 
| 311|0x0000000093700000, 0x0000000093800000, 0x0000000093800000|100%| E|CS|TAMS 0x0000000093700000, 0x0000000093700000| Complete 
| 312|0x0000000093800000, 0x0000000093900000, 0x0000000093900000|100%| E|CS|TAMS 0x0000000093800000, 0x0000000093800000| Complete 
| 313|0x0000000093900000, 0x0000000093a00000, 0x0000000093a00000|100%| E|CS|TAMS 0x0000000093900000, 0x0000000093900000| Complete 
| 314|0x0000000093a00000, 0x0000000093b00000, 0x0000000093b00000|100%| E|CS|TAMS 0x0000000093a00000, 0x0000000093a00000| Complete 
| 315|0x0000000093b00000, 0x0000000093c00000, 0x0000000093c00000|100%| E|CS|TAMS 0x0000000093b00000, 0x0000000093b00000| Complete 
| 316|0x0000000093c00000, 0x0000000093d00000, 0x0000000093d00000|100%| E|  |TAMS 0x0000000093c00000, 0x0000000093c00000| Complete 
| 317|0x0000000093d00000, 0x0000000093e00000, 0x0000000093e00000|100%| E|CS|TAMS 0x0000000093d00000, 0x0000000093d00000| Complete 
| 318|0x0000000093e00000, 0x0000000093f00000, 0x0000000093f00000|100%| E|CS|TAMS 0x0000000093e00000, 0x0000000093e00000| Complete 
| 319|0x0000000093f00000, 0x0000000094000000, 0x0000000094000000|100%| E|CS|TAMS 0x0000000093f00000, 0x0000000093f00000| Complete 
| 320|0x0000000094000000, 0x0000000094100000, 0x0000000094100000|100%| E|CS|TAMS 0x0000000094000000, 0x0000000094000000| Complete 
| 321|0x0000000094100000, 0x0000000094200000, 0x0000000094200000|100%| E|CS|TAMS 0x0000000094100000, 0x0000000094100000| Complete 
| 322|0x0000000094200000, 0x0000000094300000, 0x0000000094300000|100%| E|CS|TAMS 0x0000000094200000, 0x0000000094200000| Complete 
| 323|0x0000000094300000, 0x0000000094400000, 0x0000000094400000|100%| E|CS|TAMS 0x0000000094300000, 0x0000000094300000| Complete 
| 324|0x0000000094400000, 0x0000000094500000, 0x0000000094500000|100%| E|CS|TAMS 0x0000000094400000, 0x0000000094400000| Complete 
| 325|0x0000000094500000, 0x0000000094600000, 0x0000000094600000|100%| E|CS|TAMS 0x0000000094500000, 0x0000000094500000| Complete 
| 326|0x0000000094600000, 0x0000000094700000, 0x0000000094700000|100%| E|CS|TAMS 0x0000000094600000, 0x0000000094600000| Complete 
| 327|0x0000000094700000, 0x0000000094800000, 0x0000000094800000|100%| E|CS|TAMS 0x0000000094700000, 0x0000000094700000| Complete 
| 328|0x0000000094800000, 0x0000000094900000, 0x0000000094900000|100%| E|CS|TAMS 0x0000000094800000, 0x0000000094800000| Complete 
| 329|0x0000000094900000, 0x0000000094a00000, 0x0000000094a00000|100%| E|CS|TAMS 0x0000000094900000, 0x0000000094900000| Complete 
| 330|0x0000000094a00000, 0x0000000094b00000, 0x0000000094b00000|100%| E|CS|TAMS 0x0000000094a00000, 0x0000000094a00000| Complete 
| 331|0x0000000094b00000, 0x0000000094c00000, 0x0000000094c00000|100%| E|CS|TAMS 0x0000000094b00000, 0x0000000094b00000| Complete 
| 332|0x0000000094c00000, 0x0000000094d00000, 0x0000000094d00000|100%| E|CS|TAMS 0x0000000094c00000, 0x0000000094c00000| Complete 
| 333|0x0000000094d00000, 0x0000000094e00000, 0x0000000094e00000|100%| E|CS|TAMS 0x0000000094d00000, 0x0000000094d00000| Complete 
| 334|0x0000000094e00000, 0x0000000094f00000, 0x0000000094f00000|100%| E|CS|TAMS 0x0000000094e00000, 0x0000000094e00000| Complete 
| 335|0x0000000094f00000, 0x0000000095000000, 0x0000000095000000|100%| E|CS|TAMS 0x0000000094f00000, 0x0000000094f00000| Complete 
| 336|0x0000000095000000, 0x0000000095100000, 0x0000000095100000|100%| E|CS|TAMS 0x0000000095000000, 0x0000000095000000| Complete 
| 337|0x0000000095100000, 0x0000000095200000, 0x0000000095200000|100%| E|CS|TAMS 0x0000000095100000, 0x0000000095100000| Complete 
| 338|0x0000000095200000, 0x0000000095300000, 0x0000000095300000|100%| E|CS|TAMS 0x0000000095200000, 0x0000000095200000| Complete 
| 339|0x0000000095300000, 0x0000000095400000, 0x0000000095400000|100%| E|CS|TAMS 0x0000000095300000, 0x0000000095300000| Complete 
| 340|0x0000000095400000, 0x0000000095500000, 0x0000000095500000|100%| E|CS|TAMS 0x0000000095400000, 0x0000000095400000| Complete 
| 341|0x0000000095500000, 0x0000000095600000, 0x0000000095600000|100%| E|CS|TAMS 0x0000000095500000, 0x0000000095500000| Complete 
| 342|0x0000000095600000, 0x0000000095700000, 0x0000000095700000|100%| E|CS|TAMS 0x0000000095600000, 0x0000000095600000| Complete 
| 343|0x0000000095700000, 0x0000000095800000, 0x0000000095800000|100%| E|CS|TAMS 0x0000000095700000, 0x0000000095700000| Complete 
| 344|0x0000000095800000, 0x0000000095900000, 0x0000000095900000|100%| E|CS|TAMS 0x0000000095800000, 0x0000000095800000| Complete 
| 345|0x0000000095900000, 0x0000000095a00000, 0x0000000095a00000|100%| E|CS|TAMS 0x0000000095900000, 0x0000000095900000| Complete 

Card table byte_map: [0x0000023960d60000,0x0000023961160000] _byte_map_base: 0x0000023960960000

Marking Bits (Prev, Next): (CMBitMap*) 0x000002394debf078, (CMBitMap*) 0x000002394debf0b0
 Prev Bits: [0x0000023961560000, 0x0000023963560000)
 Next Bits: [0x0000023963560000, 0x0000023965560000)

Polling page: 0x000002394bca0000

Metaspace:

Usage:
  Non-class:    120.65 MB capacity,   118.01 MB ( 98%) used,     2.20 MB (  2%) free+waste,   450.56 KB ( <1%) overhead. 
      Class:     18.17 MB capacity,    16.73 MB ( 92%) used,     1.24 MB (  7%) free+waste,   200.06 KB (  1%) overhead. 
       Both:    138.82 MB capacity,   134.74 MB ( 97%) used,     3.44 MB (  2%) free+waste,   650.63 KB ( <1%) overhead. 

Virtual space:
  Non-class space:      122.00 MB reserved,     120.75 MB ( 99%) committed 
      Class space:        1.00 GB reserved,      18.21 MB (  2%) committed 
             Both:        1.12 GB reserved,     138.96 MB ( 12%) committed 

Chunk freelists:
   Non-Class:  42.00 KB
       Class:  0 bytes
        Both:  42.00 KB

MaxMetaspaceSize: 17179869184.00 GB
CompressedClassSpaceSize: 1.00 GB

CodeHeap 'non-profiled nmethods': size=120064Kb used=16045Kb max_used=16045Kb free=104018Kb
 bounds [0x0000023959420000, 0x000002395a3d0000, 0x0000023960960000]
CodeHeap 'profiled nmethods': size=120000Kb used=44691Kb max_used=44691Kb free=75309Kb
 bounds [0x0000023951ef0000, 0x0000023954ab0000, 0x0000023959420000]
CodeHeap 'non-nmethods': size=5696Kb used=2379Kb max_used=2432Kb free=3316Kb
 bounds [0x0000023951960000, 0x0000023951be0000, 0x0000023951ef0000]
 total_blobs=22070 nmethods=21060 adapters=919
 compilation: enabled
              stopped_count=0, restarted_count=0
 full_count=0

Compilation events (20 events):
Event: 1532.517 Thread 0x0000023967a6a800 22853       3       com.google.common.base.Splitter$1$1::<init> (12 bytes)
Event: 1532.518 Thread 0x0000023967a6a800 nmethod 22853 0x0000023954aa6390 code [0x0000023954aa6540, 0x0000023954aa66c8]
Event: 1532.518 Thread 0x0000023967a6a800 22855       1       com.android.ide.common.resources.DataSet::getConfigName (5 bytes)
Event: 1532.519 Thread 0x0000023967a6a800 nmethod 22855 0x000002395a3cb910 code [0x000002395a3cbac0, 0x000002395a3cbb78]
Event: 1532.519 Thread 0x0000023967a6a800 22856       3       com.google.common.collect.ArrayListMultimap::create (8 bytes)
Event: 1532.519 Thread 0x0000023967a6a800 nmethod 22856 0x0000023954aa6790 code [0x0000023954aa6a20, 0x0000023954aa7378]
Event: 1532.519 Thread 0x0000023967a6a800 22857       3       com.google.common.collect.ArrayListMultimap::<init> (8 bytes)
Event: 1532.520 Thread 0x0000023967a6a800 nmethod 22857 0x0000023954aa7710 code [0x0000023954aa7980, 0x0000023954aa8238]
Event: 1532.520 Thread 0x0000023967a6a800 22858   !   3       sun.net.www.protocol.jar.JarURLConnection$JarURLInputStream::close (51 bytes)
Event: 1532.520 Thread 0x0000023967a6a800 nmethod 22858 0x0000023954aa8590 code [0x0000023954aa87c0, 0x0000023954aa8ec8]
Event: 1532.521 Thread 0x0000023969897000 nmethod 22854 0x000002395a3cbc10 code [0x000002395a3cbdc0, 0x000002395a3cc148]
Event: 1532.523 Thread 0x0000023969897000 22859 %     4       org.apache.xerces.impl.XMLEntityManager::getFeatureDefault @ 5 (36 bytes)
Event: 1532.528 Thread 0x0000023969897000 nmethod 22859% 0x000002395a3cc310 code [0x000002395a3cc4c0, 0x000002395a3cc8f8]
Event: 1532.528 Thread 0x0000023969897000 22860 %     4       org.apache.xerces.impl.XMLEntityManager::getPropertyDefault @ 5 (36 bytes)
Event: 1532.534 Thread 0x0000023969897000 nmethod 22860% 0x000002395a3cca10 code [0x000002395a3ccbc0, 0x000002395a3ccff8]
Event: 1532.534 Thread 0x0000023969897000 22865       4       org.apache.xerces.impl.XMLNSDocumentScannerImpl::scanStartElement (873 bytes)
Event: 1532.568 Thread 0x0000023967a6a800 22876       3       org.apache.xerces.impl.XMLDocumentFragmentScannerImpl$ElementStack::<init> (44 bytes)
Event: 1532.568 Thread 0x0000023967a6a800 nmethod 22876 0x0000023954aa9190 code [0x0000023954aa9380, 0x0000023954aa9998]
Event: 1532.568 Thread 0x0000023967a6a800 22877 %     3       org.apache.xerces.impl.dtd.XMLDTDValidator::<init> @ 189 (226 bytes)
Event: 1532.570 Thread 0x0000023967a6a800 nmethod 22877% 0x0000023954aa9b90 code [0x0000023954aa9f20, 0x0000023954aabc38]

GC Heap History (20 events):
Event: 1361.566 GC heap before
{Heap before GC invocations=94 (full 0):
 garbage-first heap   total 354304K, used 280752K [0x0000000080000000, 0x0000000100000000)
  region size 1024K, 76 young (77824K), 2 survivors (2048K)
 Metaspace       used 136568K, capacity 140571K, committed 140632K, reserved 1171456K
  class space    used 17052K, capacity 18484K, committed 18520K, reserved 1048576K
}
Event: 1361.580 GC heap after
{Heap after GC invocations=95 (full 0):
 garbage-first heap   total 354304K, used 216997K [0x0000000080000000, 0x0000000100000000)
  region size 1024K, 10 young (10240K), 10 survivors (10240K)
 Metaspace       used 136568K, capacity 140571K, committed 140632K, reserved 1171456K
  class space    used 17052K, capacity 18484K, committed 18520K, reserved 1048576K
}
Event: 1361.658 GC heap before
{Heap before GC invocations=95 (full 0):
 garbage-first heap   total 354304K, used 224165K [0x0000000080000000, 0x0000000100000000)
  region size 1024K, 17 young (17408K), 10 survivors (10240K)
 Metaspace       used 136568K, capacity 140571K, committed 140632K, reserved 1171456K
  class space    used 17052K, capacity 18484K, committed 18520K, reserved 1048576K
}
Event: 1361.677 GC heap after
{Heap after GC invocations=96 (full 0):
 garbage-first heap   total 354304K, used 214317K [0x0000000080000000, 0x0000000100000000)
  region size 1024K, 1 young (1024K), 1 survivors (1024K)
 Metaspace       used 136568K, capacity 140571K, committed 140632K, reserved 1171456K
  class space    used 17052K, capacity 18484K, committed 18520K, reserved 1048576K
}
Event: 1406.308 GC heap before
{Heap before GC invocations=96 (full 0):
 garbage-first heap   total 354304K, used 277805K [0x0000000080000000, 0x0000000100000000)
  region size 1024K, 64 young (65536K), 1 survivors (1024K)
 Metaspace       used 137264K, capacity 141317K, committed 141528K, reserved 1171456K
  class space    used 17116K, capacity 18587K, committed 18648K, reserved 1048576K
}
Event: 1406.327 GC heap after
{Heap after GC invocations=97 (full 0):
 garbage-first heap   total 354304K, used 218500K [0x0000000080000000, 0x0000000100000000)
  region size 1024K, 6 young (6144K), 6 survivors (6144K)
 Metaspace       used 137264K, capacity 141317K, committed 141528K, reserved 1171456K
  class space    used 17116K, capacity 18587K, committed 18648K, reserved 1048576K
}
Event: 1407.669 GC heap before
{Heap before GC invocations=98 (full 0):
 garbage-first heap   total 354304K, used 264580K [0x0000000080000000, 0x0000000100000000)
  region size 1024K, 70 young (71680K), 6 survivors (6144K)
 Metaspace       used 137386K, capacity 141385K, committed 141528K, reserved 1171456K
  class space    used 17120K, capacity 18587K, committed 18648K, reserved 1048576K
}
Event: 1407.702 GC heap after
{Heap after GC invocations=99 (full 0):
 garbage-first heap   total 354304K, used 214375K [0x0000000080000000, 0x0000000100000000)
  region size 1024K, 9 young (9216K), 9 survivors (9216K)
 Metaspace       used 137386K, capacity 141385K, committed 141528K, reserved 1171456K
  class space    used 17120K, capacity 18587K, committed 18648K, reserved 1048576K
}
Event: 1407.779 GC heap before
{Heap before GC invocations=99 (full 0):
 garbage-first heap   total 354304K, used 222567K [0x0000000080000000, 0x0000000100000000)
  region size 1024K, 17 young (17408K), 9 survivors (9216K)
 Metaspace       used 137387K, capacity 141449K, committed 141528K, reserved 1171456K
  class space    used 17120K, capacity 18587K, committed 18648K, reserved 1048576K
}
Event: 1407.817 GC heap after
{Heap after GC invocations=100 (full 0):
 garbage-first heap   total 354304K, used 199444K [0x0000000080000000, 0x0000000100000000)
  region size 1024K, 2 young (2048K), 2 survivors (2048K)
 Metaspace       used 137387K, capacity 141449K, committed 141528K, reserved 1171456K
  class space    used 17120K, capacity 18587K, committed 18648K, reserved 1048576K
}
Event: 1407.907 GC heap before
{Heap before GC invocations=100 (full 0):
 garbage-first heap   total 354304K, used 211732K [0x0000000080000000, 0x0000000100000000)
  region size 1024K, 15 young (15360K), 2 survivors (2048K)
 Metaspace       used 137397K, capacity 141449K, committed 141528K, reserved 1171456K
  class space    used 17120K, capacity 18587K, committed 18648K, reserved 1048576K
}
Event: 1407.916 GC heap after
{Heap after GC invocations=101 (full 0):
 garbage-first heap   total 354304K, used 199804K [0x0000000080000000, 0x0000000100000000)
  region size 1024K, 3 young (3072K), 3 survivors (3072K)
 Metaspace       used 137397K, capacity 141449K, committed 141528K, reserved 1171456K
  class space    used 17120K, capacity 18587K, committed 18648K, reserved 1048576K
}
Event: 1408.397 GC heap before
{Heap before GC invocations=102 (full 0):
 garbage-first heap   total 354304K, used 264316K [0x0000000080000000, 0x0000000100000000)
  region size 1024K, 76 young (77824K), 3 survivors (3072K)
 Metaspace       used 137485K, capacity 141514K, committed 141784K, reserved 1173504K
  class space    used 17120K, capacity 18587K, committed 18648K, reserved 1048576K
}
Event: 1408.409 GC heap after
{Heap after GC invocations=103 (full 0):
 garbage-first heap   total 354304K, used 183645K [0x0000000080000000, 0x0000000100000000)
  region size 1024K, 5 young (5120K), 5 survivors (5120K)
 Metaspace       used 137485K, capacity 141514K, committed 141784K, reserved 1173504K
  class space    used 17120K, capacity 18587K, committed 18648K, reserved 1048576K
}
Event: 1408.461 GC heap before
{Heap before GC invocations=103 (full 0):
 garbage-first heap   total 354304K, used 195933K [0x0000000080000000, 0x0000000100000000)
  region size 1024K, 17 young (17408K), 5 survivors (5120K)
 Metaspace       used 137502K, capacity 141514K, committed 141784K, reserved 1173504K
  class space    used 17120K, capacity 18587K, committed 18648K, reserved 1048576K
}
Event: 1408.491 GC heap after
{Heap after GC invocations=104 (full 0):
 garbage-first heap   total 354304K, used 156591K [0x0000000080000000, 0x0000000100000000)
  region size 1024K, 3 young (3072K), 3 survivors (3072K)
 Metaspace       used 137502K, capacity 141514K, committed 141784K, reserved 1173504K
  class space    used 17120K, capacity 18587K, committed 18648K, reserved 1048576K
}
Event: 1408.561 GC heap before
{Heap before GC invocations=104 (full 0):
 garbage-first heap   total 354304K, used 185263K [0x0000000080000000, 0x0000000100000000)
  region size 1024K, 17 young (17408K), 3 survivors (3072K)
 Metaspace       used 137530K, capacity 141578K, committed 141784K, reserved 1173504K
  class space    used 17120K, capacity 18587K, committed 18648K, reserved 1048576K
}
Event: 1408.569 GC heap after
{Heap after GC invocations=105 (full 0):
 garbage-first heap   total 354304K, used 156347K [0x0000000080000000, 0x0000000100000000)
  region size 1024K, 2 young (2048K), 2 survivors (2048K)
 Metaspace       used 137530K, capacity 141578K, committed 141784K, reserved 1173504K
  class space    used 17120K, capacity 18587K, committed 18648K, reserved 1048576K
}
Event: 1409.147 GC heap before
{Heap before GC invocations=105 (full 0):
 garbage-first heap   total 354304K, used 262843K [0x0000000080000000, 0x0000000100000000)
  region size 1024K, 107 young (109568K), 2 survivors (2048K)
 Metaspace       used 137740K, capacity 141776K, committed 142040K, reserved 1173504K
  class space    used 17121K, capacity 18587K, committed 18648K, reserved 1048576K
}
Event: 1409.151 GC heap after
{Heap after GC invocations=106 (full 0):
 garbage-first heap   total 354304K, used 155703K [0x0000000080000000, 0x0000000100000000)
  region size 1024K, 2 young (2048K), 2 survivors (2048K)
 Metaspace       used 137740K, capacity 141776K, committed 142040K, reserved 1173504K
  class space    used 17121K, capacity 18587K, committed 18648K, reserved 1048576K
}

Deoptimization events (20 events):
Event: 1517.185 Thread 0x000002396ac18800 DEOPT PACKING pc=0x00000239523765f4 sp=0x000000b30ebfdf30
Event: 1517.185 Thread 0x000002396ac18800 DEOPT UNPACKING pc=0x00000239519876ce sp=0x000000b30ebfd318 mode 0
Event: 1517.185 Thread 0x000002396ac18800 DEOPT PACKING pc=0x00000239540eb4ac sp=0x000000b30ebfe0b0
Event: 1517.185 Thread 0x000002396ac18800 DEOPT UNPACKING pc=0x00000239519876ce sp=0x000000b30ebfd5a8 mode 0
Event: 1517.185 Thread 0x000002396ac18800 DEOPT PACKING pc=0x00000239523765f4 sp=0x000000b30ebfe2d0
Event: 1517.185 Thread 0x000002396ac18800 DEOPT UNPACKING pc=0x00000239519876ce sp=0x000000b30ebfd6b8 mode 0
Event: 1530.749 Thread 0x000002396988b000 Uncommon trap: trap_request=0xffffffde fr.pc=0x0000023959e65814 relative=0x00000000000009f4
Event: 1530.749 Thread 0x000002396988b000 Uncommon trap: reason=class_check action=maybe_recompile pc=0x0000023959e65814 method=org.gradle.tooling.internal.provider.runner.SubtreeFilteringBuildOperationListener.started(Lorg/gradle/internal/operations/BuildOperationDescriptor;Lorg/gradle/internal/
Event: 1530.749 Thread 0x000002396988b000 DEOPT PACKING pc=0x0000023959e65814 sp=0x000000b30ddfbb80
Event: 1530.749 Thread 0x000002396988b000 DEOPT UNPACKING pc=0x00000239519878af sp=0x000000b30ddfbb18 mode 2
Event: 1530.754 Thread 0x000002396988b000 DEOPT PACKING pc=0x0000023952507f79 sp=0x000000b30ddfaa40
Event: 1530.754 Thread 0x000002396988b000 DEOPT UNPACKING pc=0x00000239519876ce sp=0x000000b30ddf9f08 mode 0
Event: 1531.052 Thread 0x000002396988b000 Uncommon trap: trap_request=0xffffffde fr.pc=0x0000023959e65814 relative=0x00000000000009f4
Event: 1531.052 Thread 0x000002396988b000 Uncommon trap: reason=class_check action=maybe_recompile pc=0x0000023959e65814 method=org.gradle.tooling.internal.provider.runner.SubtreeFilteringBuildOperationListener.started(Lorg/gradle/internal/operations/BuildOperationDescriptor;Lorg/gradle/internal/
Event: 1531.052 Thread 0x000002396988b000 DEOPT PACKING pc=0x0000023959e65814 sp=0x000000b30ddfbb80
Event: 1531.052 Thread 0x000002396988b000 DEOPT UNPACKING pc=0x00000239519878af sp=0x000000b30ddfbb18 mode 2
Event: 1531.215 Thread 0x000002396988b000 DEOPT PACKING pc=0x0000023952b9445f sp=0x000000b30ddf82a0
Event: 1531.215 Thread 0x000002396988b000 DEOPT UNPACKING pc=0x00000239519876ce sp=0x000000b30ddf7728 mode 0
Event: 1531.889 Thread 0x000002396988b000 DEOPT PACKING pc=0x00000239520045d3 sp=0x000000b30ddf98a0
Event: 1531.889 Thread 0x000002396988b000 DEOPT UNPACKING pc=0x00000239519876ce sp=0x000000b30ddf8dd8 mode 0

Classes redefined (0 events):
No events

Internal exceptions (20 events):
Event: 1362.842 Thread 0x000002396fad8000 Exception <a 'sun/nio/fs/WindowsException'{0x00000000940a6248}> (0x00000000940a6248) thrown at [./src/hotspot/share/prims/jni.cpp, line 615]
Event: 1362.911 Thread 0x000002396fad9000 Exception <a 'sun/nio/fs/WindowsException'{0x0000000093e3deb0}> (0x0000000093e3deb0) thrown at [./src/hotspot/share/prims/jni.cpp, line 615]
Event: 1406.012 Thread 0x000002396988e000 Exception <a 'sun/nio/fs/WindowsException'{0x00000000927e03c0}> (0x00000000927e03c0) thrown at [./src/hotspot/share/prims/jni.cpp, line 615]
Event: 1406.052 Thread 0x000002396988e000 Exception <a 'java/lang/NoClassDefFoundError'{0x00000000924eb1b0}: org/jetbrains/kotlin/gradle/plugin/KotlinBasePluginWrapper> (0x00000000924eb1b0) thrown at [./src/hotspot/share/oops/constantPool.cpp, line 775]
Event: 1406.160 Thread 0x000002396988e000 Exception <a 'sun/nio/fs/WindowsException'{0x0000000092161830}> (0x0000000092161830) thrown at [./src/hotspot/share/prims/jni.cpp, line 615]
Event: 1406.169 Thread 0x000002396988e000 Exception <a 'sun/nio/fs/WindowsException'{0x0000000092006df0}> (0x0000000092006df0) thrown at [./src/hotspot/share/prims/jni.cpp, line 615]
Event: 1406.169 Thread 0x000002396988e000 Exception <a 'sun/nio/fs/WindowsException'{0x0000000092008128}> (0x0000000092008128) thrown at [./src/hotspot/share/prims/jni.cpp, line 615]
Event: 1406.169 Thread 0x000002396988e000 Exception <a 'sun/nio/fs/WindowsException'{0x0000000092009258}> (0x0000000092009258) thrown at [./src/hotspot/share/prims/jni.cpp, line 615]
Event: 1406.169 Thread 0x000002396988e000 Exception <a 'sun/nio/fs/WindowsException'{0x000000009200a5d8}> (0x000000009200a5d8) thrown at [./src/hotspot/share/prims/jni.cpp, line 615]
Event: 1406.199 Thread 0x000002396988e000 Exception <a 'sun/nio/fs/WindowsException'{0x0000000091eeab70}> (0x0000000091eeab70) thrown at [./src/hotspot/share/prims/jni.cpp, line 615]
Event: 1409.158 Thread 0x000002396988e000 Implicit null exception at 0x0000023959b7f57f to 0x0000023959b7f9fc
Event: 1409.161 Thread 0x000002396fad5000 Exception <a 'sun/nio/fs/WindowsException'{0x00000000958015b8}> (0x00000000958015b8) thrown at [./src/hotspot/share/prims/jni.cpp, line 615]
Event: 1531.088 Thread 0x000002396988b000 Exception <a 'sun/nio/fs/WindowsException'{0x00000000940b9128}> (0x00000000940b9128) thrown at [./src/hotspot/share/prims/jni.cpp, line 615]
Event: 1531.274 Thread 0x000002396988b000 Exception <a 'java/lang/NoClassDefFoundError'{0x0000000093da20e8}: org/jetbrains/kotlin/gradle/plugin/KotlinBasePluginWrapper> (0x0000000093da20e8) thrown at [./src/hotspot/share/oops/constantPool.cpp, line 775]
Event: 1531.299 Thread 0x000002396988b000 Exception <a 'sun/nio/fs/WindowsException'{0x0000000093c690e0}> (0x0000000093c690e0) thrown at [./src/hotspot/share/prims/jni.cpp, line 615]
Event: 1531.309 Thread 0x000002396988b000 Exception <a 'sun/nio/fs/WindowsException'{0x0000000093b0dfd8}> (0x0000000093b0dfd8) thrown at [./src/hotspot/share/prims/jni.cpp, line 615]
Event: 1531.309 Thread 0x000002396988b000 Exception <a 'sun/nio/fs/WindowsException'{0x0000000093b0f0b8}> (0x0000000093b0f0b8) thrown at [./src/hotspot/share/prims/jni.cpp, line 615]
Event: 1531.309 Thread 0x000002396988b000 Exception <a 'sun/nio/fs/WindowsException'{0x0000000093b101e8}> (0x0000000093b101e8) thrown at [./src/hotspot/share/prims/jni.cpp, line 615]
Event: 1531.309 Thread 0x000002396988b000 Exception <a 'sun/nio/fs/WindowsException'{0x0000000093b11318}> (0x0000000093b11318) thrown at [./src/hotspot/share/prims/jni.cpp, line 615]
Event: 1531.463 Thread 0x000002396988b000 Exception <a 'sun/nio/fs/WindowsException'{0x00000000937426b0}> (0x00000000937426b0) thrown at [./src/hotspot/share/prims/jni.cpp, line 615]

Events (20 events):
Event: 1530.736 Thread 0x0000023969894800 Thread added: 0x0000023969894800
Event: 1530.769 Thread 0x0000023969894000 Thread added: 0x0000023969894000
Event: 1530.948 Thread 0x0000023969897000 Thread added: 0x0000023969897000
Event: 1530.951 Thread 0x0000023969898000 Thread added: 0x0000023969898000
Event: 1530.951 Thread 0x0000023969895800 Thread added: 0x0000023969895800
Event: 1530.951 Thread 0x0000023969896800 Thread added: 0x0000023969896800
Event: 1530.951 Thread 0x0000023968dde800 Thread added: 0x0000023968dde800
Event: 1530.968 Executing VM operation: RevokeBias
Event: 1530.969 Executing VM operation: RevokeBias done
Event: 1531.066 Executing VM operation: RevokeBias
Event: 1531.066 Executing VM operation: RevokeBias done
Event: 1531.334 loading class org/gradle/api/internal/provider/AbstractProperty$1
Event: 1531.334 loading class org/gradle/api/internal/provider/AbstractProperty$1 done
Event: 1531.437 Thread 0x0000023968dda000 Thread added: 0x0000023968dda000
Event: 1531.465 Thread 0x0000023968de6000 Thread added: 0x0000023968de6000
Event: 1531.465 Thread 0x0000023968de3800 Thread added: 0x0000023968de3800
Event: 1531.466 Thread 0x0000023968de7000 Thread added: 0x0000023968de7000
Event: 1531.466 Thread 0x0000023968de2800 Thread added: 0x0000023968de2800
Event: 1531.466 Thread 0x0000023968de7800 Thread added: 0x0000023968de7800
Event: 1531.467 Thread 0x000002396ac19800 Thread added: 0x000002396ac19800


Dynamic libraries:
0x00007ff70eee0000 - 0x00007ff70eeea000 	C:\Program Files\Android\Android Studio\jre\bin\java.exe
0x00007ff813ea0000 - 0x00007ff81408d000 	C:\Windows\SYSTEM32\ntdll.dll
0x00007ff8119e0000 - 0x00007ff811a93000 	C:\Windows\System32\KERNEL32.DLL
0x00007ff8104a0000 - 0x00007ff810735000 	C:\Windows\System32\KERNELBASE.dll
0x00007ff810860000 - 0x00007ff81095a000 	C:\Windows\System32\ucrtbase.dll
0x00007ffffae20000 - 0x00007ffffae39000 	C:\Program Files\Android\Android Studio\jre\bin\jli.dll
0x00007ffff4fb0000 - 0x00007ffff4fc7000 	C:\Program Files\Android\Android Studio\jre\bin\VCRUNTIME140.dll
0x00007ff811aa0000 - 0x00007ff811c37000 	C:\Windows\System32\USER32.dll
0x00007ffffcaf0000 - 0x00007ffffcd69000 	C:\Windows\WinSxS\amd64_microsoft.windows.common-controls_6595b64144ccf1df_6.0.17763.1339_none_de7015e4534c7114\COMCTL32.dll
0x00007ff8103d0000 - 0x00007ff8103f0000 	C:\Windows\System32\win32u.dll
0x00007ff813e70000 - 0x00007ff813e99000 	C:\Windows\System32\GDI32.dll
0x00007ff810230000 - 0x00007ff8103cb000 	C:\Windows\System32\gdi32full.dll
0x00007ff8107c0000 - 0x00007ff810860000 	C:\Windows\System32\msvcp_win.dll
0x00007ff8110f0000 - 0x00007ff81118e000 	C:\Windows\System32\msvcrt.dll
0x00007ff8115e0000 - 0x00007ff81190c000 	C:\Windows\System32\combase.dll
0x00007ff8113a0000 - 0x00007ff8114c2000 	C:\Windows\System32\RPCRT4.dll
0x00007ff810740000 - 0x00007ff8107be000 	C:\Windows\System32\bcryptPrimitives.dll
0x00007ff811550000 - 0x00007ff81157e000 	C:\Windows\System32\IMM32.DLL
0x00007fffcbd60000 - 0x00007fffcbdfd000 	C:\Program Files\Android\Android Studio\jre\bin\msvcp140.dll
0x00007fffcb0c0000 - 0x00007fffcbb8f000 	C:\Program Files\Android\Android Studio\jre\bin\server\jvm.dll
0x00007ff811190000 - 0x00007ff811233000 	C:\Windows\System32\ADVAPI32.dll
0x00007ff811e00000 - 0x00007ff811e9e000 	C:\Windows\System32\sechost.dll
0x00007ff812300000 - 0x00007ff812308000 	C:\Windows\System32\PSAPI.DLL
0x00007ff8002b0000 - 0x00007ff8002b9000 	C:\Windows\SYSTEM32\WSOCK32.dll
0x00007ff80dff0000 - 0x00007ff80e014000 	C:\Windows\SYSTEM32\WINMM.dll
0x00007ff812120000 - 0x00007ff81218d000 	C:\Windows\System32\WS2_32.dll
0x00007ff80dfc0000 - 0x00007ff80dfed000 	C:\Windows\SYSTEM32\WINMMBASE.dll
0x00007ff80adb0000 - 0x00007ff80adba000 	C:\Windows\SYSTEM32\VERSION.dll
0x00007ff8103f0000 - 0x00007ff81043a000 	C:\Windows\System32\cfgmgr32.dll
0x00007ff80ff60000 - 0x00007ff80ff71000 	C:\Windows\System32\kernel.appcore.dll
0x00007ffffb980000 - 0x00007ffffb991000 	C:\Program Files\Android\Android Studio\jre\bin\verify.dll
0x00007ff800010000 - 0x00007ff8001fd000 	C:\Windows\SYSTEM32\DBGHELP.DLL
0x00007ffffbfe0000 - 0x00007ffffc00a000 	C:\Windows\SYSTEM32\dbgcore.DLL
0x00007ffff9b10000 - 0x00007ffff9b39000 	C:\Program Files\Android\Android Studio\jre\bin\java.dll
0x00007ffffc270000 - 0x00007ffffc27b000 	C:\Program Files\Android\Android Studio\jre\bin\jimage.dll
0x00007ffff7c90000 - 0x00007ffff7ca8000 	C:\Program Files\Android\Android Studio\jre\bin\zip.dll
0x00007ff812440000 - 0x00007ff813938000 	C:\Windows\System32\SHELL32.dll
0x00007ff813940000 - 0x00007ff8139e9000 	C:\Windows\System32\shcore.dll
0x00007ff810990000 - 0x00007ff8110e4000 	C:\Windows\System32\windows.storage.dll
0x00007ff80fed0000 - 0x00007ff80fef4000 	C:\Windows\System32\profapi.dll
0x00007ff80ff00000 - 0x00007ff80ff5d000 	C:\Windows\System32\powrprof.dll
0x00007ff812310000 - 0x00007ff812362000 	C:\Windows\System32\shlwapi.dll
0x00007ff810160000 - 0x00007ff810177000 	C:\Windows\System32\cryptsp.dll
0x00007ffff7c70000 - 0x00007ffff7c8a000 	C:\Program Files\Android\Android Studio\jre\bin\net.dll
0x00007ff806a10000 - 0x00007ff806b02000 	C:\Windows\SYSTEM32\WINHTTP.dll
0x00007ff80f710000 - 0x00007ff80f777000 	C:\Windows\system32\mswsock.dll
0x00007ffff7c50000 - 0x00007ffff7c64000 	C:\Program Files\Android\Android Studio\jre\bin\nio.dll
0x00007fffede50000 - 0x00007fffede77000 	C:\Users\world-PC\.gradle\native\8bec1ad78214c89d9ad589b4d07fe93259594b29d510b10fafb7a158f7737e5d\windows-amd64\native-platform.dll
0x00007fffdad00000 - 0x00007fffdae3d000 	C:\Users\world-PC\.gradle\native\53dbd7edfb1c66fb8903c78663c9afc45aea4f116125fa6feffd364cf09443e8\windows-amd64\native-platform-file-events.dll
0x00007ffffba00000 - 0x00007ffffba0a000 	C:\Program Files\Android\Android Studio\jre\bin\management.dll
0x00007ffffb0b0000 - 0x00007ffffb0bc000 	C:\Program Files\Android\Android Studio\jre\bin\management_ext.dll
0x00007ff80f230000 - 0x00007ff80f263000 	C:\Windows\system32\rsaenh.dll
0x00007ff810960000 - 0x00007ff810986000 	C:\Windows\System32\bcrypt.dll
0x00007ff80fde0000 - 0x00007ff80fe08000 	C:\Windows\SYSTEM32\USERENV.dll
0x00007ff80f8e0000 - 0x00007ff80f8ec000 	C:\Windows\SYSTEM32\CRYPTBASE.dll
0x00007ff80f3d0000 - 0x00007ff80f40d000 	C:\Windows\SYSTEM32\IPHLPAPI.DLL
0x00007ff811ea0000 - 0x00007ff811ea8000 	C:\Windows\System32\NSI.dll
0x00007ff809ff0000 - 0x00007ff80a006000 	C:\Windows\SYSTEM32\dhcpcsvc6.DLL
0x00007ff80ac00000 - 0x00007ff80ac1c000 	C:\Windows\SYSTEM32\dhcpcsvc.DLL
0x00007ff80f410000 - 0x00007ff80f4d7000 	C:\Windows\SYSTEM32\DNSAPI.dll
0x00007fffeee80000 - 0x00007fffeeea7000 	C:\Program Files\Android\Android Studio\jre\bin\sunec.dll
0x00000000602d0000 - 0x00000000602f6000 	C:\Program Files\Bonjour\mdnsNSP.dll
0x00007ff80a760000 - 0x00007ff80a76a000 	C:\Windows\System32\rasadhlp.dll
0x00007ff8070b0000 - 0x00007ff807129000 	C:\Windows\System32\fwpuclnt.dll

dbghelp: loaded successfully - version: 4.0.5 - missing functions: none
symbol engine: initialized successfully - sym options: 0x614 - pdb path: .;C:\Program Files\Android\Android Studio\jre\bin;C:\Windows\SYSTEM32;C:\Windows\WinSxS\amd64_microsoft.windows.common-controls_6595b64144ccf1df_6.0.17763.1339_none_de7015e4534c7114;C:\Program Files\Android\Android Studio\jre\bin\server;C:\Users\world-PC\.gradle\native\8bec1ad78214c89d9ad589b4d07fe93259594b29d510b10fafb7a158f7737e5d\windows-amd64;C:\Users\world-PC\.gradle\native\53dbd7edfb1c66fb8903c78663c9afc45aea4f116125fa6feffd364cf09443e8\windows-amd64;C:\Program Files\Bonjour

VM Arguments:
jvm_args: --add-opens=java.base/java.util=ALL-UNNAMED --add-opens=java.base/java.lang=ALL-UNNAMED --add-opens=java.base/java.lang.invoke=ALL-UNNAMED --add-opens=java.base/java.util=ALL-UNNAMED --add-opens=java.prefs/java.util.prefs=ALL-UNNAMED --add-opens=java.prefs/java.util.prefs=ALL-UNNAMED --add-opens=java.base/java.nio.charset=ALL-UNNAMED --add-opens=java.base/java.net=ALL-UNNAMED --add-opens=java.base/java.util.concurrent.atomic=ALL-UNNAMED -Xmx2048m -Dfile.encoding=UTF-8 -Duser.country=RU -Duser.language=ru -Duser.variant 
java_command: org.gradle.launcher.daemon.bootstrap.GradleDaemon 7.0.2
java_class_path (initial): C:\Users\world-PC\.gradle\wrapper\dists\gradle-7.0.2-bin\857tjihv64xamwrf0h14cai3r\gradle-7.0.2\lib\gradle-launcher-7.0.2.jar
Launcher Type: SUN_STANDARD

[Global flags]
     intx CICompilerCount                          = 3                                         {product} {ergonomic}
     uint ConcGCThreads                            = 1                                         {product} {ergonomic}
     uint G1ConcRefinementThreads                  = 4                                         {product} {ergonomic}
   size_t G1HeapRegionSize                         = 1048576                                   {product} {ergonomic}
    uintx GCDrainStackTargetSize                   = 64                                        {product} {ergonomic}
   size_t InitialHeapSize                          = 134217728                                 {product} {ergonomic}
   size_t MarkStackSize                            = 4194304                                   {product} {ergonomic}
   size_t MaxHeapSize                              = 2147483648                                {product} {command line}
   size_t MaxNewSize                               = 1287651328                                {product} {ergonomic}
   size_t MinHeapDeltaBytes                        = 1048576                                   {product} {ergonomic}
    uintx NonNMethodCodeHeapSize                   = 5830732                                {pd product} {ergonomic}
    uintx NonProfiledCodeHeapSize                  = 122913754                              {pd product} {ergonomic}
    uintx ProfiledCodeHeapSize                     = 122913754                              {pd product} {ergonomic}
    uintx ReservedCodeCacheSize                    = 251658240                              {pd product} {ergonomic}
     bool SegmentedCodeCache                       = true                                      {product} {ergonomic}
     bool UseCompressedClassPointers               = true                                 {lp64_product} {ergonomic}
     bool UseCompressedOops                        = true                                 {lp64_product} {ergonomic}
     bool UseG1GC                                  = true                                      {product} {ergonomic}
     bool UseLargePagesIndividualAllocation        = false                                  {pd product} {ergonomic}

Logging:
Log output configuration:
 #0: stdout all=warning uptime,level,tags
 #1: stderr all=off uptime,level,tags

Environment Variables:
PATH=C:\Program Files (x86)\Common Files\Oracle\Java\javapath;C:\ProgramData\Oracle\Java\javapath;C:\Program Files (x86)\Intel\iCLS Client\;C:\Program Files\Intel\iCLS Client\;C:\Windows\system32;C:\Windows;C:\Windows\System32\Wbem;C:\Windows\System32\WindowsPowerShell\v1.0\;C:\Program Files (x86)\Intel\Intel(R) Management Engine Components\DAL;C:\Program Files\Intel\Intel(R) Management Engine Components\DAL;C:\Program Files (x86)\Intel\Intel(R) Management Engine Components\IPT;C:\Program Files\Intel\Intel(R) Management Engine Components\IPT;C:\Program Files\nodejs\;C:\Program Files\7-Zip;C:\Program Files (x86)\NVIDIA Corporation\PhysX\Common;C:\Program Files\Git\cmd;C:\Users\world-PC\AppData\Local\Microsoft\WindowsApps;;C:\Users\world-PC\AppData\Local\Programs\Microsoft VS Code\bin;C:\Users\world-PC\AppData\Roaming\npm
USERNAME=world-PC
OS=Windows_NT
PROCESSOR_IDENTIFIER=Intel64 Family 6 Model 60 Stepping 3, GenuineIntel



---------------  S Y S T E M  ---------------

OS: Windows 10 , 64 bit Build 17763 (10.0.17763.1339)
OS uptime: 0 days 4:28 hours

CPU:total 4 (initial active 4) (2 cores per cpu, 2 threads per core) family 6 model 60 stepping 3 microcode 0x24, cmov, cx8, fxsr, mmx, sse, sse2, sse3, ssse3, sse4.1, sse4.2, popcnt, avx, avx2, aes, clmul, erms, lzcnt, ht, tsc, tscinvbit, bmi1, bmi2, fma

Memory: 4k page, system-wide physical 8129M (342M free)
TotalPageFile size 10177M (AvailPageFile size 0M)
current process WorkingSet (physical memory assigned to process): 661M, peak: 667M
current process commit charge ("private bytes"): 745M, peak: 762M

vm_info: OpenJDK 64-Bit Server VM (11.0.10+0-b96-7249189) for windows-amd64 JRE (11.0.10+0-b96-7249189), built on Mar 31 2021 21:44:00 by "builder" with MS VC++ 14.0 (VS2015)

END.
